{"/home/inhodpr/workspace/line-animator/app/src/renderer/src/engine/AudioPlaybackAdapter.ts": {"path":"/home/inhodpr/workspace/line-animator/app/src/renderer/src/engine/AudioPlaybackAdapter.ts","statementMap":{"0":{"start":{"line":5,"column":46},"end":{"line":5,"column":null}},"1":{"start":{"line":6,"column":55},"end":{"line":6,"column":null}},"2":{"start":{"line":8,"column":54},"end":{"line":8,"column":null}},"3":{"start":{"line":11,"column":33},"end":{"line":11,"column":null}},"4":{"start":{"line":12,"column":40},"end":{"line":12,"column":null}},"5":{"start":{"line":13,"column":37},"end":{"line":13,"column":null}},"6":{"start":{"line":15,"column":46},"end":{"line":15,"column":null}},"7":{"start":{"line":18,"column":8},"end":{"line":18,"column":null}},"8":{"start":{"line":23,"column":8},"end":{"line":23,"column":null}},"9":{"start":{"line":24,"column":8},"end":{"line":24,"column":null}},"10":{"start":{"line":25,"column":8},"end":{"line":25,"column":null}},"11":{"start":{"line":29,"column":8},"end":{"line":29,"column":null}},"12":{"start":{"line":33,"column":8},"end":{"line":33,"column":null}},"13":{"start":{"line":37,"column":8},"end":{"line":37,"column":null}},"14":{"start":{"line":37,"column":49},"end":{"line":37,"column":null}},"15":{"start":{"line":40,"column":8},"end":{"line":42,"column":null}},"16":{"start":{"line":41,"column":12},"end":{"line":41,"column":null}},"17":{"start":{"line":45,"column":8},"end":{"line":45,"column":null}},"18":{"start":{"line":46,"column":8},"end":{"line":46,"column":null}},"19":{"start":{"line":47,"column":8},"end":{"line":47,"column":null}},"20":{"start":{"line":49,"column":35},"end":{"line":49,"column":null}},"21":{"start":{"line":50,"column":8},"end":{"line":50,"column":null}},"22":{"start":{"line":52,"column":8},"end":{"line":52,"column":null}},"23":{"start":{"line":53,"column":8},"end":{"line":53,"column":null}},"24":{"start":{"line":56,"column":8},"end":{"line":62,"column":null}},"25":{"start":{"line":58,"column":12},"end":{"line":61,"column":null}},"26":{"start":{"line":59,"column":16},"end":{"line":59,"column":null}},"27":{"start":{"line":60,"column":16},"end":{"line":60,"column":null}},"28":{"start":{"line":64,"column":8},"end":{"line":64,"column":null}},"29":{"start":{"line":68,"column":8},"end":{"line":68,"column":null}},"30":{"start":{"line":72,"column":8},"end":{"line":72,"column":null}},"31":{"start":{"line":72,"column":49},"end":{"line":72,"column":null}},"32":{"start":{"line":74,"column":8},"end":{"line":74,"column":null}},"33":{"start":{"line":75,"column":8},"end":{"line":75,"column":null}},"34":{"start":{"line":76,"column":8},"end":{"line":76,"column":null}},"35":{"start":{"line":79,"column":34},"end":{"line":79,"column":null}},"36":{"start":{"line":80,"column":8},"end":{"line":80,"column":null}},"37":{"start":{"line":82,"column":8},"end":{"line":82,"column":null}},"38":{"start":{"line":83,"column":8},"end":{"line":83,"column":null}},"39":{"start":{"line":84,"column":8},"end":{"line":84,"column":null}},"40":{"start":{"line":88,"column":8},"end":{"line":95,"column":null}},"41":{"start":{"line":89,"column":12},"end":{"line":89,"column":null}},"42":{"start":{"line":90,"column":12},"end":{"line":90,"column":null}},"43":{"start":{"line":91,"column":12},"end":{"line":91,"column":null}},"44":{"start":{"line":93,"column":12},"end":{"line":93,"column":null}},"45":{"start":{"line":94,"column":12},"end":{"line":94,"column":null}},"46":{"start":{"line":99,"column":8},"end":{"line":101,"column":null}},"47":{"start":{"line":100,"column":12},"end":{"line":100,"column":null}},"48":{"start":{"line":103,"column":34},"end":{"line":103,"column":null}},"49":{"start":{"line":104,"column":8},"end":{"line":104,"column":null}},"50":{"start":{"line":110,"column":8},"end":{"line":110,"column":null}},"51":{"start":{"line":114,"column":8},"end":{"line":114,"column":null}},"52":{"start":{"line":114,"column":53},"end":{"line":114,"column":68}},"53":{"start":{"line":118,"column":8},"end":{"line":118,"column":null}},"54":{"start":{"line":118,"column":37},"end":{"line":118,"column":47}},"55":{"start":{"line":124,"column":8},"end":{"line":124,"column":null}},"56":{"start":{"line":124,"column":44},"end":{"line":124,"column":null}},"57":{"start":{"line":125,"column":8},"end":{"line":127,"column":null}},"58":{"start":{"line":126,"column":12},"end":{"line":126,"column":null}},"59":{"start":{"line":131,"column":8},"end":{"line":134,"column":null}},"60":{"start":{"line":132,"column":12},"end":{"line":132,"column":null}},"61":{"start":{"line":133,"column":12},"end":{"line":133,"column":null}}},"fnMap":{"0":{"name":"(anonymous_0)","decl":{"start":{"line":17,"column":4},"end":{"line":17,"column":18}},"loc":{"start":{"line":17,"column":18},"end":{"line":19,"column":null}},"line":17},"1":{"name":"(anonymous_1)","decl":{"start":{"line":21,"column":17},"end":{"line":21,"column":37}},"loc":{"start":{"line":21,"column":63},"end":{"line":26,"column":null}},"line":21},"2":{"name":"(anonymous_2)","decl":{"start":{"line":28,"column":11},"end":{"line":28,"column":35}},"loc":{"start":{"line":28,"column":35},"end":{"line":30,"column":null}},"line":28},"3":{"name":"(anonymous_3)","decl":{"start":{"line":32,"column":11},"end":{"line":32,"column":38}},"loc":{"start":{"line":32,"column":38},"end":{"line":34,"column":null}},"line":32},"4":{"name":"(anonymous_4)","decl":{"start":{"line":36,"column":11},"end":{"line":36,"column":18}},"loc":{"start":{"line":36,"column":18},"end":{"line":65,"column":null}},"line":36},"5":{"name":"(anonymous_5)","decl":{"start":{"line":56,"column":34},"end":{"line":56,"column":40}},"loc":{"start":{"line":56,"column":40},"end":{"line":62,"column":null}},"line":56},"6":{"name":"(anonymous_6)","decl":{"start":{"line":67,"column":11},"end":{"line":67,"column":41}},"loc":{"start":{"line":67,"column":41},"end":{"line":69,"column":null}},"line":67},"7":{"name":"(anonymous_7)","decl":{"start":{"line":71,"column":11},"end":{"line":71,"column":19}},"loc":{"start":{"line":71,"column":19},"end":{"line":85,"column":null}},"line":71},"8":{"name":"(anonymous_8)","decl":{"start":{"line":87,"column":11},"end":{"line":87,"column":16}},"loc":{"start":{"line":87,"column":32},"end":{"line":96,"column":null}},"line":87},"9":{"name":"(anonymous_9)","decl":{"start":{"line":98,"column":11},"end":{"line":98,"column":38}},"loc":{"start":{"line":98,"column":38},"end":{"line":105,"column":null}},"line":98},"10":{"name":"(anonymous_10)","decl":{"start":{"line":109,"column":11},"end":{"line":109,"column":24}},"loc":{"start":{"line":109,"column":66},"end":{"line":111,"column":null}},"line":109},"11":{"name":"(anonymous_11)","decl":{"start":{"line":113,"column":11},"end":{"line":113,"column":36}},"loc":{"start":{"line":113,"column":78},"end":{"line":115,"column":null}},"line":113},"12":{"name":"(anonymous_12)","decl":{"start":{"line":114,"column":47},"end":{"line":114,"column":53}},"loc":{"start":{"line":114,"column":53},"end":{"line":114,"column":68}},"line":114},"13":{"name":"(anonymous_13)","decl":{"start":{"line":117,"column":12},"end":{"line":117,"column":26}},"loc":{"start":{"line":117,"column":42},"end":{"line":119,"column":null}},"line":117},"14":{"name":"(anonymous_14)","decl":{"start":{"line":118,"column":31},"end":{"line":118,"column":37}},"loc":{"start":{"line":118,"column":37},"end":{"line":118,"column":47}},"line":118},"15":{"name":"(anonymous_15)","decl":{"start":{"line":123,"column":12},"end":{"line":123,"column":35}},"loc":{"start":{"line":123,"column":35},"end":{"line":128,"column":null}},"line":123},"16":{"name":"(anonymous_16)","decl":{"start":{"line":125,"column":51},"end":{"line":125,"column":57}},"loc":{"start":{"line":125,"column":57},"end":{"line":127,"column":11}},"line":125},"17":{"name":"(anonymous_17)","decl":{"start":{"line":130,"column":12},"end":{"line":130,"column":34}},"loc":{"start":{"line":130,"column":34},"end":{"line":135,"column":null}},"line":130}},"branchMap":{"0":{"loc":{"start":{"line":29,"column":15},"end":{"line":29,"column":null}},"type":"cond-expr","locations":[{"start":{"line":29,"column":34},"end":{"line":29,"column":69}},{"start":{"line":29,"column":69},"end":{"line":29,"column":null}}],"line":29},"1":{"loc":{"start":{"line":33,"column":15},"end":{"line":33,"column":null}},"type":"cond-expr","locations":[{"start":{"line":33,"column":34},"end":{"line":33,"column":71}},{"start":{"line":33,"column":71},"end":{"line":33,"column":null}}],"line":33},"2":{"loc":{"start":{"line":37,"column":8},"end":{"line":37,"column":null}},"type":"if","locations":[{"start":{"line":37,"column":8},"end":{"line":37,"column":null}},{"start":{},"end":{}}],"line":37},"3":{"loc":{"start":{"line":37,"column":12},"end":{"line":37,"column":49}},"type":"binary-expr","locations":[{"start":{"line":37,"column":12},"end":{"line":37,"column":30}},{"start":{"line":37,"column":30},"end":{"line":37,"column":49}}],"line":37},"4":{"loc":{"start":{"line":40,"column":8},"end":{"line":42,"column":null}},"type":"if","locations":[{"start":{"line":40,"column":8},"end":{"line":42,"column":null}},{"start":{},"end":{}}],"line":40},"5":{"loc":{"start":{"line":58,"column":12},"end":{"line":61,"column":null}},"type":"if","locations":[{"start":{"line":58,"column":12},"end":{"line":61,"column":null}},{"start":{},"end":{}}],"line":58},"6":{"loc":{"start":{"line":72,"column":8},"end":{"line":72,"column":null}},"type":"if","locations":[{"start":{"line":72,"column":8},"end":{"line":72,"column":null}},{"start":{},"end":{}}],"line":72},"7":{"loc":{"start":{"line":72,"column":12},"end":{"line":72,"column":49}},"type":"binary-expr","locations":[{"start":{"line":72,"column":12},"end":{"line":72,"column":31}},{"start":{"line":72,"column":31},"end":{"line":72,"column":49}}],"line":72},"8":{"loc":{"start":{"line":88,"column":8},"end":{"line":95,"column":null}},"type":"if","locations":[{"start":{"line":88,"column":8},"end":{"line":95,"column":null}},{"start":{"line":92,"column":15},"end":{"line":95,"column":null}}],"line":88},"9":{"loc":{"start":{"line":99,"column":8},"end":{"line":101,"column":null}},"type":"if","locations":[{"start":{"line":99,"column":8},"end":{"line":101,"column":null}},{"start":{},"end":{}}],"line":99},"10":{"loc":{"start":{"line":124,"column":8},"end":{"line":124,"column":null}},"type":"if","locations":[{"start":{"line":124,"column":8},"end":{"line":124,"column":null}},{"start":{},"end":{}}],"line":124},"11":{"loc":{"start":{"line":131,"column":8},"end":{"line":134,"column":null}},"type":"if","locations":[{"start":{"line":131,"column":8},"end":{"line":134,"column":null}},{"start":{},"end":{}}],"line":131}},"s":{"0":8,"1":8,"2":8,"3":8,"4":8,"5":8,"6":8,"7":8,"8":1,"9":1,"10":1,"11":2,"12":1,"13":5,"14":0,"15":5,"16":4,"17":5,"18":5,"19":5,"20":5,"21":5,"22":5,"23":5,"24":5,"25":1,"26":1,"27":1,"28":5,"29":3,"30":3,"31":0,"32":3,"33":3,"34":3,"35":3,"36":3,"37":3,"38":3,"39":3,"40":3,"41":1,"42":1,"43":1,"44":2,"45":2,"46":7,"47":3,"48":4,"49":4,"50":2,"51":1,"52":1,"53":9,"54":2,"55":5,"56":0,"57":5,"58":2,"59":3,"60":3,"61":3},"f":{"0":8,"1":1,"2":2,"3":1,"4":5,"5":1,"6":3,"7":3,"8":3,"9":7,"10":2,"11":1,"12":1,"13":9,"14":2,"15":5,"16":2,"17":3},"b":{"0":[1,1],"1":[1,0],"2":[0,5],"3":[5,5],"4":[4,1],"5":[1,0],"6":[0,3],"7":[3,3],"8":[1,2],"9":[3,4],"10":[0,5],"11":[3,0]},"meta":{"lastBranch":12,"lastFunction":18,"lastStatement":62,"seen":{"s:5:46:5:Infinity":0,"s:6:55:6:Infinity":1,"s:8:54:8:Infinity":2,"s:11:33:11:Infinity":3,"s:12:40:12:Infinity":4,"s:13:37:13:Infinity":5,"s:15:46:15:Infinity":6,"f:17:4:17:18":0,"s:18:8:18:Infinity":7,"f:21:17:21:37":1,"s:23:8:23:Infinity":8,"s:24:8:24:Infinity":9,"s:25:8:25:Infinity":10,"f:28:11:28:35":2,"s:29:8:29:Infinity":11,"b:29:34:29:69:29:69:29:Infinity":0,"f:32:11:32:38":3,"s:33:8:33:Infinity":12,"b:33:34:33:71:33:71:33:Infinity":1,"f:36:11:36:18":4,"b:37:8:37:Infinity:undefined:undefined:undefined:undefined":2,"s:37:8:37:Infinity":13,"b:37:12:37:30:37:30:37:49":3,"s:37:49:37:Infinity":14,"b:40:8:42:Infinity:undefined:undefined:undefined:undefined":4,"s:40:8:42:Infinity":15,"s:41:12:41:Infinity":16,"s:45:8:45:Infinity":17,"s:46:8:46:Infinity":18,"s:47:8:47:Infinity":19,"s:49:35:49:Infinity":20,"s:50:8:50:Infinity":21,"s:52:8:52:Infinity":22,"s:53:8:53:Infinity":23,"s:56:8:62:Infinity":24,"f:56:34:56:40":5,"b:58:12:61:Infinity:undefined:undefined:undefined:undefined":5,"s:58:12:61:Infinity":25,"s:59:16:59:Infinity":26,"s:60:16:60:Infinity":27,"s:64:8:64:Infinity":28,"f:67:11:67:41":6,"s:68:8:68:Infinity":29,"f:71:11:71:19":7,"b:72:8:72:Infinity:undefined:undefined:undefined:undefined":6,"s:72:8:72:Infinity":30,"b:72:12:72:31:72:31:72:49":7,"s:72:49:72:Infinity":31,"s:74:8:74:Infinity":32,"s:75:8:75:Infinity":33,"s:76:8:76:Infinity":34,"s:79:34:79:Infinity":35,"s:80:8:80:Infinity":36,"s:82:8:82:Infinity":37,"s:83:8:83:Infinity":38,"s:84:8:84:Infinity":39,"f:87:11:87:16":8,"b:88:8:95:Infinity:92:15:95:Infinity":8,"s:88:8:95:Infinity":40,"s:89:12:89:Infinity":41,"s:90:12:90:Infinity":42,"s:91:12:91:Infinity":43,"s:93:12:93:Infinity":44,"s:94:12:94:Infinity":45,"f:98:11:98:38":9,"b:99:8:101:Infinity:undefined:undefined:undefined:undefined":9,"s:99:8:101:Infinity":46,"s:100:12:100:Infinity":47,"s:103:34:103:Infinity":48,"s:104:8:104:Infinity":49,"f:109:11:109:24":10,"s:110:8:110:Infinity":50,"f:113:11:113:36":11,"s:114:8:114:Infinity":51,"f:114:47:114:53":12,"s:114:53:114:68":52,"f:117:12:117:26":13,"s:118:8:118:Infinity":53,"f:118:31:118:37":14,"s:118:37:118:47":54,"f:123:12:123:35":15,"b:124:8:124:Infinity:undefined:undefined:undefined:undefined":10,"s:124:8:124:Infinity":55,"s:124:44:124:Infinity":56,"s:125:8:127:Infinity":57,"f:125:51:125:57":16,"s:126:12:126:Infinity":58,"f:130:12:130:34":17,"b:131:8:134:Infinity:undefined:undefined:undefined:undefined":11,"s:131:8:134:Infinity":59,"s:132:12:132:Infinity":60,"s:133:12:133:Infinity":61}}}
,"/home/inhodpr/workspace/line-animator/app/src/renderer/src/engine/AudioWorkletProcessor.ts": {"path":"/home/inhodpr/workspace/line-animator/app/src/renderer/src/engine/AudioWorkletProcessor.ts","statementMap":{"0":{"start":{"line":30,"column":35},"end":{"line":30,"column":null}},"1":{"start":{"line":31,"column":40},"end":{"line":31,"column":null}},"2":{"start":{"line":32,"column":43},"end":{"line":32,"column":null}},"3":{"start":{"line":38,"column":44},"end":{"line":38,"column":null}},"4":{"start":{"line":39,"column":23},"end":{"line":39,"column":null}},"5":{"start":{"line":42,"column":4},"end":{"line":42,"column":null}},"6":{"start":{"line":43,"column":4},"end":{"line":54,"column":null}},"7":{"start":{"line":44,"column":29},"end":{"line":44,"column":null}},"8":{"start":{"line":45,"column":6},"end":{"line":53,"column":null}},"9":{"start":{"line":46,"column":8},"end":{"line":46,"column":null}},"10":{"start":{"line":47,"column":8},"end":{"line":47,"column":null}},"11":{"start":{"line":48,"column":6},"end":{"line":53,"column":null}},"12":{"start":{"line":49,"column":8},"end":{"line":49,"column":null}},"13":{"start":{"line":51,"column":8},"end":{"line":51,"column":null}},"14":{"start":{"line":51,"column":50},"end":{"line":51,"column":81}},"15":{"start":{"line":52,"column":8},"end":{"line":52,"column":null}},"16":{"start":{"line":58,"column":4},"end":{"line":58,"column":null}},"17":{"start":{"line":58,"column":32},"end":{"line":58,"column":null}},"18":{"start":{"line":61,"column":15},"end":{"line":61,"column":null}},"19":{"start":{"line":62,"column":15},"end":{"line":62,"column":null}},"20":{"start":{"line":63,"column":15},"end":{"line":63,"column":null}},"21":{"start":{"line":64,"column":15},"end":{"line":64,"column":null}},"22":{"start":{"line":65,"column":15},"end":{"line":65,"column":null}},"23":{"start":{"line":67,"column":16},"end":{"line":67,"column":null}},"24":{"start":{"line":69,"column":4},"end":{"line":69,"column":null}},"25":{"start":{"line":70,"column":4},"end":{"line":70,"column":null}},"26":{"start":{"line":71,"column":4},"end":{"line":71,"column":null}},"27":{"start":{"line":72,"column":4},"end":{"line":72,"column":null}},"28":{"start":{"line":74,"column":4},"end":{"line":74,"column":null}},"29":{"start":{"line":78,"column":18},"end":{"line":78,"column":null}},"30":{"start":{"line":79,"column":4},"end":{"line":79,"column":null}},"31":{"start":{"line":79,"column":65},"end":{"line":79,"column":null}},"32":{"start":{"line":81,"column":20},"end":{"line":81,"column":null}},"33":{"start":{"line":82,"column":16},"end":{"line":82,"column":null}},"34":{"start":{"line":84,"column":4},"end":{"line":101,"column":null}},"35":{"start":{"line":84,"column":17},"end":{"line":84,"column":20}},"36":{"start":{"line":85,"column":19},"end":{"line":85,"column":null}},"37":{"start":{"line":86,"column":20},"end":{"line":86,"column":null}},"38":{"start":{"line":87,"column":19},"end":{"line":87,"column":null}},"39":{"start":{"line":90,"column":6},"end":{"line":94,"column":null}},"40":{"start":{"line":90,"column":19},"end":{"line":90,"column":22}},"41":{"start":{"line":91,"column":25},"end":{"line":91,"column":null}},"42":{"start":{"line":92,"column":20},"end":{"line":92,"column":null}},"43":{"start":{"line":93,"column":8},"end":{"line":93,"column":null}},"44":{"start":{"line":93,"column":26},"end":{"line":93,"column":null}},"45":{"start":{"line":96,"column":23},"end":{"line":96,"column":null}},"46":{"start":{"line":97,"column":6},"end":{"line":100,"column":null}},"47":{"start":{"line":98,"column":8},"end":{"line":98,"column":null}},"48":{"start":{"line":99,"column":8},"end":{"line":99,"column":null}},"49":{"start":{"line":103,"column":4},"end":{"line":103,"column":null}},"50":{"start":{"line":107,"column":4},"end":{"line":111,"column":null}},"51":{"start":{"line":109,"column":6},"end":{"line":109,"column":null}},"52":{"start":{"line":110,"column":6},"end":{"line":110,"column":null}},"53":{"start":{"line":114,"column":21},"end":{"line":114,"column":null}},"54":{"start":{"line":115,"column":10},"end":{"line":115,"column":null}},"55":{"start":{"line":118,"column":17},"end":{"line":118,"column":null}},"56":{"start":{"line":121,"column":4},"end":{"line":121,"column":null}},"57":{"start":{"line":122,"column":4},"end":{"line":122,"column":null}},"58":{"start":{"line":125,"column":18},"end":{"line":125,"column":null}},"59":{"start":{"line":126,"column":4},"end":{"line":126,"column":null}},"60":{"start":{"line":127,"column":4},"end":{"line":127,"column":null}},"61":{"start":{"line":129,"column":4},"end":{"line":129,"column":null}},"62":{"start":{"line":133,"column":0},"end":{"line":133,"column":null}}},"fnMap":{"0":{"name":"(anonymous_0)","decl":{"start":{"line":41,"column":2},"end":{"line":41,"column":16}},"loc":{"start":{"line":41,"column":16},"end":{"line":55,"column":null}},"line":41},"1":{"name":"(anonymous_1)","decl":{"start":{"line":43,"column":26},"end":{"line":43,"column":27}},"loc":{"start":{"line":43,"column":33},"end":{"line":54,"column":null}},"line":43},"2":{"name":"(anonymous_2)","decl":{"start":{"line":51,"column":43},"end":{"line":51,"column":50}},"loc":{"start":{"line":51,"column":50},"end":{"line":51,"column":81}},"line":51},"3":{"name":"(anonymous_3)","decl":{"start":{"line":57,"column":10},"end":{"line":57,"column":22}},"loc":{"start":{"line":57,"column":89},"end":{"line":75,"column":null}},"line":57},"4":{"name":"(anonymous_4)","decl":{"start":{"line":77,"column":2},"end":{"line":77,"column":10}},"loc":{"start":{"line":77,"column":45},"end":{"line":104,"column":null}},"line":77},"5":{"name":"(anonymous_5)","decl":{"start":{"line":106,"column":10},"end":{"line":106,"column":22}},"loc":{"start":{"line":106,"column":79},"end":{"line":130,"column":null}},"line":106}},"branchMap":{"0":{"loc":{"start":{"line":45,"column":6},"end":{"line":53,"column":null}},"type":"if","locations":[{"start":{"line":45,"column":6},"end":{"line":53,"column":null}},{"start":{"line":48,"column":6},"end":{"line":53,"column":null}}],"line":45},"1":{"loc":{"start":{"line":48,"column":6},"end":{"line":53,"column":null}},"type":"if","locations":[{"start":{"line":48,"column":6},"end":{"line":53,"column":null}},{"start":{},"end":{}}],"line":48},"2":{"loc":{"start":{"line":58,"column":4},"end":{"line":58,"column":null}},"type":"if","locations":[{"start":{"line":58,"column":4},"end":{"line":58,"column":null}},{"start":{},"end":{}}],"line":58},"3":{"loc":{"start":{"line":79,"column":4},"end":{"line":79,"column":null}},"type":"if","locations":[{"start":{"line":79,"column":4},"end":{"line":79,"column":null}},{"start":{},"end":{}}],"line":79},"4":{"loc":{"start":{"line":79,"column":8},"end":{"line":79,"column":65}},"type":"binary-expr","locations":[{"start":{"line":79,"column":8},"end":{"line":79,"column":18}},{"start":{"line":79,"column":18},"end":{"line":79,"column":40}},{"start":{"line":79,"column":40},"end":{"line":79,"column":65}}],"line":79},"5":{"loc":{"start":{"line":92,"column":20},"end":{"line":92,"column":null}},"type":"cond-expr","locations":[{"start":{"line":92,"column":35},"end":{"line":92,"column":47}},{"start":{"line":92,"column":47},"end":{"line":92,"column":null}}],"line":92},"6":{"loc":{"start":{"line":93,"column":8},"end":{"line":93,"column":null}},"type":"if","locations":[{"start":{"line":93,"column":8},"end":{"line":93,"column":null}},{"start":{},"end":{}}],"line":93},"7":{"loc":{"start":{"line":97,"column":6},"end":{"line":100,"column":null}},"type":"if","locations":[{"start":{"line":97,"column":6},"end":{"line":100,"column":null}},{"start":{},"end":{}}],"line":97},"8":{"loc":{"start":{"line":97,"column":10},"end":{"line":97,"column":81}},"type":"binary-expr","locations":[{"start":{"line":97,"column":10},"end":{"line":97,"column":38}},{"start":{"line":97,"column":38},"end":{"line":97,"column":81}}],"line":97},"9":{"loc":{"start":{"line":107,"column":4},"end":{"line":111,"column":null}},"type":"if","locations":[{"start":{"line":107,"column":4},"end":{"line":111,"column":null}},{"start":{},"end":{}}],"line":107}},"s":{"0":5,"1":5,"2":5,"3":5,"4":5,"5":5,"6":5,"7":6,"8":6,"9":1,"10":1,"11":5,"12":5,"13":5,"14":5,"15":5,"16":768,"17":640,"18":128,"19":128,"20":128,"21":128,"22":128,"23":128,"24":128,"25":128,"26":128,"27":128,"28":128,"29":6,"30":6,"31":0,"32":6,"33":6,"34":6,"35":6,"36":6,"37":6,"38":6,"39":6,"40":6,"41":768,"42":768,"43":768,"44":6,"45":6,"46":6,"47":5,"48":5,"49":6,"50":5,"51":4,"52":4,"53":1,"54":1,"55":1,"56":1,"57":1,"58":1,"59":1,"60":1,"61":1,"62":1},"f":{"0":5,"1":6,"2":5,"3":768,"4":6,"5":5},"b":{"0":[1,5],"1":[5,0],"2":[640,128],"3":[0,6],"4":[6,6,6],"5":[0,768],"6":[6,762],"7":[5,1],"8":[6,6],"9":[4,1]},"meta":{"lastBranch":10,"lastFunction":6,"lastStatement":63,"seen":{"s:30:35:30:Infinity":0,"s:31:40:31:Infinity":1,"s:32:43:32:Infinity":2,"s:38:44:38:Infinity":3,"s:39:23:39:Infinity":4,"f:41:2:41:16":0,"s:42:4:42:Infinity":5,"s:43:4:54:Infinity":6,"f:43:26:43:27":1,"s:44:29:44:Infinity":7,"b:45:6:53:Infinity:48:6:53:Infinity":0,"s:45:6:53:Infinity":8,"s:46:8:46:Infinity":9,"s:47:8:47:Infinity":10,"b:48:6:53:Infinity:undefined:undefined:undefined:undefined":1,"s:48:6:53:Infinity":11,"s:49:8:49:Infinity":12,"s:51:8:51:Infinity":13,"f:51:43:51:50":2,"s:51:50:51:81":14,"s:52:8:52:Infinity":15,"f:57:10:57:22":3,"b:58:4:58:Infinity:undefined:undefined:undefined:undefined":2,"s:58:4:58:Infinity":16,"s:58:32:58:Infinity":17,"s:61:15:61:Infinity":18,"s:62:15:62:Infinity":19,"s:63:15:63:Infinity":20,"s:64:15:64:Infinity":21,"s:65:15:65:Infinity":22,"s:67:16:67:Infinity":23,"s:69:4:69:Infinity":24,"s:70:4:70:Infinity":25,"s:71:4:71:Infinity":26,"s:72:4:72:Infinity":27,"s:74:4:74:Infinity":28,"f:77:2:77:10":4,"s:78:18:78:Infinity":29,"b:79:4:79:Infinity:undefined:undefined:undefined:undefined":3,"s:79:4:79:Infinity":30,"b:79:8:79:18:79:18:79:40:79:40:79:65":4,"s:79:65:79:Infinity":31,"s:81:20:81:Infinity":32,"s:82:16:82:Infinity":33,"s:84:4:101:Infinity":34,"s:84:17:84:20":35,"s:85:19:85:Infinity":36,"s:86:20:86:Infinity":37,"s:87:19:87:Infinity":38,"s:90:6:94:Infinity":39,"s:90:19:90:22":40,"s:91:25:91:Infinity":41,"s:92:20:92:Infinity":42,"b:92:35:92:47:92:47:92:Infinity":5,"b:93:8:93:Infinity:undefined:undefined:undefined:undefined":6,"s:93:8:93:Infinity":43,"s:93:26:93:Infinity":44,"s:96:23:96:Infinity":45,"b:97:6:100:Infinity:undefined:undefined:undefined:undefined":7,"s:97:6:100:Infinity":46,"b:97:10:97:38:97:38:97:81":8,"s:98:8:98:Infinity":47,"s:99:8:99:Infinity":48,"s:103:4:103:Infinity":49,"f:106:10:106:22":5,"b:107:4:111:Infinity:undefined:undefined:undefined:undefined":9,"s:107:4:111:Infinity":50,"s:109:6:109:Infinity":51,"s:110:6:110:Infinity":52,"s:114:21:114:Infinity":53,"s:115:10:115:Infinity":54,"s:118:17:118:Infinity":55,"s:121:4:121:Infinity":56,"s:122:4:122:Infinity":57,"s:125:18:125:Infinity":58,"s:126:4:126:Infinity":59,"s:127:4:127:Infinity":60,"s:129:4:129:Infinity":61,"s:133:0:133:Infinity":62}}}
,"/home/inhodpr/workspace/line-animator/app/src/renderer/src/engine/BiquadFilter.ts": {"path":"/home/inhodpr/workspace/line-animator/app/src/renderer/src/engine/BiquadFilter.ts","statementMap":{"0":{"start":{"line":16,"column":15},"end":{"line":16,"column":null}},"1":{"start":{"line":17,"column":15},"end":{"line":17,"column":null}},"2":{"start":{"line":18,"column":15},"end":{"line":18,"column":null}},"3":{"start":{"line":19,"column":15},"end":{"line":19,"column":null}},"4":{"start":{"line":21,"column":22},"end":{"line":21,"column":50}},"5":{"start":{"line":24,"column":35},"end":{"line":24,"column":null}},"6":{"start":{"line":27,"column":16},"end":{"line":27,"column":null}},"7":{"start":{"line":29,"column":4},"end":{"line":29,"column":null}},"8":{"start":{"line":30,"column":4},"end":{"line":30,"column":null}},"9":{"start":{"line":31,"column":4},"end":{"line":31,"column":null}},"10":{"start":{"line":32,"column":4},"end":{"line":32,"column":null}},"11":{"start":{"line":34,"column":4},"end":{"line":34,"column":null}},"12":{"start":{"line":38,"column":4},"end":{"line":38,"column":null}},"13":{"start":{"line":39,"column":4},"end":{"line":39,"column":null}},"14":{"start":{"line":40,"column":4},"end":{"line":40,"column":null}},"15":{"start":{"line":41,"column":4},"end":{"line":41,"column":null}},"16":{"start":{"line":45,"column":4},"end":{"line":45,"column":null}}},"fnMap":{"0":{"name":"(anonymous_0)","decl":{"start":{"line":21,"column":2},"end":{"line":21,"column":22}},"loc":{"start":{"line":21,"column":50},"end":{"line":21,"column":null}},"line":21},"1":{"name":"(anonymous_1)","decl":{"start":{"line":23,"column":9},"end":{"line":23,"column":17}},"loc":{"start":{"line":23,"column":41},"end":{"line":35,"column":null}},"line":23},"2":{"name":"(anonymous_2)","decl":{"start":{"line":37,"column":9},"end":{"line":37,"column":17}},"loc":{"start":{"line":37,"column":17},"end":{"line":42,"column":null}},"line":37},"3":{"name":"(anonymous_3)","decl":{"start":{"line":44,"column":9},"end":{"line":44,"column":28}},"loc":{"start":{"line":44,"column":56},"end":{"line":46,"column":null}},"line":44}},"branchMap":{},"s":{"0":4,"1":4,"2":4,"3":4,"4":4,"5":6,"6":6,"7":6,"8":6,"9":6,"10":6,"11":6,"12":1,"13":1,"14":1,"15":1,"16":1},"f":{"0":4,"1":6,"2":1,"3":1},"b":{},"meta":{"lastBranch":0,"lastFunction":4,"lastStatement":17,"seen":{"s:16:15:16:Infinity":0,"s:17:15:17:Infinity":1,"s:18:15:18:Infinity":2,"s:19:15:19:Infinity":3,"f:21:2:21:22":0,"s:21:22:21:50":4,"f:23:9:23:17":1,"s:24:35:24:Infinity":5,"s:27:16:27:Infinity":6,"s:29:4:29:Infinity":7,"s:30:4:30:Infinity":8,"s:31:4:31:Infinity":9,"s:32:4:32:Infinity":10,"s:34:4:34:Infinity":11,"f:37:9:37:17":2,"s:38:4:38:Infinity":12,"s:39:4:39:Infinity":13,"s:40:4:40:Infinity":14,"s:41:4:41:Infinity":15,"f:44:9:44:28":3,"s:45:4:45:Infinity":16}}}
,"/home/inhodpr/workspace/line-animator/app/src/renderer/src/engine/CanvasEngine.ts": {"path":"/home/inhodpr/workspace/line-animator/app/src/renderer/src/engine/CanvasEngine.ts","statementMap":{"0":{"start":{"line":11,"column":45},"end":{"line":11,"column":null}},"1":{"start":{"line":13,"column":55},"end":{"line":13,"column":null}},"2":{"start":{"line":34,"column":33},"end":{"line":34,"column":null}},"3":{"start":{"line":138,"column":56},"end":{"line":138,"column":null}},"4":{"start":{"line":139,"column":40},"end":{"line":139,"column":null}},"5":{"start":{"line":22,"column":8},"end":{"line":22,"column":null}},"6":{"start":{"line":23,"column":8},"end":{"line":23,"column":null}},"7":{"start":{"line":24,"column":8},"end":{"line":24,"column":null}},"8":{"start":{"line":25,"column":8},"end":{"line":27,"column":null}},"9":{"start":{"line":26,"column":12},"end":{"line":26,"column":null}},"10":{"start":{"line":31,"column":8},"end":{"line":31,"column":null}},"11":{"start":{"line":39,"column":24},"end":{"line":39,"column":null}},"12":{"start":{"line":40,"column":8},"end":{"line":40,"column":null}},"13":{"start":{"line":45,"column":8},"end":{"line":45,"column":null}},"14":{"start":{"line":45,"column":23},"end":{"line":45,"column":null}},"15":{"start":{"line":47,"column":8},"end":{"line":47,"column":null}},"16":{"start":{"line":48,"column":22},"end":{"line":48,"column":null}},"17":{"start":{"line":51,"column":8},"end":{"line":58,"column":null}},"18":{"start":{"line":52,"column":26},"end":{"line":52,"column":null}},"19":{"start":{"line":53,"column":12},"end":{"line":53,"column":null}},"20":{"start":{"line":56,"column":12},"end":{"line":56,"column":null}},"21":{"start":{"line":57,"column":12},"end":{"line":57,"column":null}},"22":{"start":{"line":61,"column":8},"end":{"line":66,"column":null}},"23":{"start":{"line":62,"column":27},"end":{"line":62,"column":null}},"24":{"start":{"line":63,"column":12},"end":{"line":65,"column":null}},"25":{"start":{"line":64,"column":16},"end":{"line":64,"column":null}},"26":{"start":{"line":70,"column":8},"end":{"line":135,"column":null}},"27":{"start":{"line":71,"column":23},"end":{"line":71,"column":null}},"28":{"start":{"line":77,"column":12},"end":{"line":88,"column":null}},"29":{"start":{"line":78,"column":34},"end":{"line":78,"column":null}},"30":{"start":{"line":79,"column":16},"end":{"line":84,"column":null}},"31":{"start":{"line":80,"column":20},"end":{"line":80,"column":null}},"32":{"start":{"line":81,"column":20},"end":{"line":83,"column":null}},"33":{"start":{"line":81,"column":33},"end":{"line":81,"column":36}},"34":{"start":{"line":82,"column":24},"end":{"line":82,"column":null}},"35":{"start":{"line":87,"column":16},"end":{"line":87,"column":null}},"36":{"start":{"line":90,"column":12},"end":{"line":90,"column":null}},"37":{"start":{"line":91,"column":12},"end":{"line":91,"column":null}},"38":{"start":{"line":92,"column":12},"end":{"line":92,"column":null}},"39":{"start":{"line":93,"column":12},"end":{"line":93,"column":null}},"40":{"start":{"line":95,"column":12},"end":{"line":95,"column":null}},"41":{"start":{"line":97,"column":12},"end":{"line":100,"column":null}},"42":{"start":{"line":98,"column":16},"end":{"line":98,"column":null}},"43":{"start":{"line":99,"column":16},"end":{"line":99,"column":null}},"44":{"start":{"line":102,"column":12},"end":{"line":134,"column":null}},"45":{"start":{"line":103,"column":35},"end":{"line":103,"column":null}},"46":{"start":{"line":104,"column":16},"end":{"line":104,"column":null}},"47":{"start":{"line":105,"column":16},"end":{"line":105,"column":null}},"48":{"start":{"line":106,"column":16},"end":{"line":106,"column":null}},"49":{"start":{"line":109,"column":16},"end":{"line":114,"column":null}},"50":{"start":{"line":110,"column":20},"end":{"line":110,"column":null}},"51":{"start":{"line":111,"column":20},"end":{"line":111,"column":null}},"52":{"start":{"line":112,"column":20},"end":{"line":112,"column":null}},"53":{"start":{"line":113,"column":20},"end":{"line":113,"column":null}},"54":{"start":{"line":117,"column":16},"end":{"line":133,"column":null}},"55":{"start":{"line":118,"column":34},"end":{"line":118,"column":null}},"56":{"start":{"line":119,"column":34},"end":{"line":119,"column":null}},"57":{"start":{"line":120,"column":20},"end":{"line":126,"column":null}},"58":{"start":{"line":121,"column":35},"end":{"line":121,"column":null}},"59":{"start":{"line":122,"column":24},"end":{"line":125,"column":null}},"60":{"start":{"line":123,"column":28},"end":{"line":123,"column":null}},"61":{"start":{"line":124,"column":28},"end":{"line":124,"column":null}},"62":{"start":{"line":128,"column":20},"end":{"line":128,"column":null}},"63":{"start":{"line":129,"column":20},"end":{"line":129,"column":null}},"64":{"start":{"line":130,"column":20},"end":{"line":130,"column":null}},"65":{"start":{"line":131,"column":20},"end":{"line":131,"column":null}},"66":{"start":{"line":132,"column":20},"end":{"line":132,"column":null}},"67":{"start":{"line":142,"column":8},"end":{"line":142,"column":null}},"68":{"start":{"line":142,"column":31},"end":{"line":142,"column":null}},"69":{"start":{"line":145,"column":8},"end":{"line":145,"column":null}},"70":{"start":{"line":145,"column":91},"end":{"line":145,"column":null}},"71":{"start":{"line":148,"column":8},"end":{"line":148,"column":null}},"72":{"start":{"line":148,"column":73},"end":{"line":148,"column":null}},"73":{"start":{"line":151,"column":8},"end":{"line":151,"column":null}},"74":{"start":{"line":151,"column":90},"end":{"line":151,"column":null}},"75":{"start":{"line":153,"column":8},"end":{"line":153,"column":null}},"76":{"start":{"line":157,"column":8},"end":{"line":157,"column":null}},"77":{"start":{"line":157,"column":45},"end":{"line":157,"column":null}},"78":{"start":{"line":159,"column":22},"end":{"line":159,"column":null}},"79":{"start":{"line":160,"column":18},"end":{"line":160,"column":null}},"80":{"start":{"line":162,"column":8},"end":{"line":186,"column":null}},"81":{"start":{"line":163,"column":27},"end":{"line":163,"column":null}},"82":{"start":{"line":164,"column":12},"end":{"line":164,"column":null}},"83":{"start":{"line":165,"column":12},"end":{"line":165,"column":null}},"84":{"start":{"line":167,"column":29},"end":{"line":167,"column":null}},"85":{"start":{"line":168,"column":12},"end":{"line":168,"column":null}},"86":{"start":{"line":170,"column":25},"end":{"line":170,"column":null}},"87":{"start":{"line":171,"column":24},"end":{"line":171,"column":null}},"88":{"start":{"line":173,"column":12},"end":{"line":175,"column":null}},"89":{"start":{"line":174,"column":16},"end":{"line":174,"column":null}},"90":{"start":{"line":177,"column":12},"end":{"line":182,"column":null}},"91":{"start":{"line":178,"column":16},"end":{"line":178,"column":null}},"92":{"start":{"line":179,"column":16},"end":{"line":179,"column":null}},"93":{"start":{"line":180,"column":16},"end":{"line":180,"column":null}},"94":{"start":{"line":181,"column":16},"end":{"line":181,"column":null}},"95":{"start":{"line":184,"column":12},"end":{"line":184,"column":null}},"96":{"start":{"line":185,"column":12},"end":{"line":185,"column":null}},"97":{"start":{"line":188,"column":8},"end":{"line":191,"column":null}},"98":{"start":{"line":190,"column":12},"end":{"line":190,"column":null}},"99":{"start":{"line":193,"column":26},"end":{"line":193,"column":null}},"100":{"start":{"line":196,"column":26},"end":{"line":196,"column":null}},"101":{"start":{"line":197,"column":29},"end":{"line":197,"column":null}},"102":{"start":{"line":201,"column":8},"end":{"line":213,"column":null}},"103":{"start":{"line":203,"column":12},"end":{"line":203,"column":null}},"104":{"start":{"line":204,"column":12},"end":{"line":204,"column":null}},"105":{"start":{"line":205,"column":12},"end":{"line":205,"column":null}},"106":{"start":{"line":206,"column":12},"end":{"line":206,"column":null}},"107":{"start":{"line":209,"column":12},"end":{"line":209,"column":null}},"108":{"start":{"line":210,"column":12},"end":{"line":210,"column":null}},"109":{"start":{"line":211,"column":12},"end":{"line":211,"column":null}},"110":{"start":{"line":212,"column":12},"end":{"line":212,"column":null}},"111":{"start":{"line":220,"column":8},"end":{"line":220,"column":null}},"112":{"start":{"line":223,"column":8},"end":{"line":223,"column":null}},"113":{"start":{"line":224,"column":8},"end":{"line":224,"column":null}},"114":{"start":{"line":225,"column":8},"end":{"line":225,"column":null}},"115":{"start":{"line":228,"column":8},"end":{"line":228,"column":null}},"116":{"start":{"line":229,"column":8},"end":{"line":229,"column":null}},"117":{"start":{"line":230,"column":8},"end":{"line":230,"column":null}},"118":{"start":{"line":232,"column":8},"end":{"line":236,"column":null}},"119":{"start":{"line":238,"column":8},"end":{"line":238,"column":null}}},"fnMap":{"0":{"name":"(anonymous_0)","decl":{"start":{"line":15,"column":4},"end":{"line":15,"column":null}},"loc":{"start":{"line":21,"column":6},"end":{"line":28,"column":null}},"line":21},"1":{"name":"(anonymous_1)","decl":{"start":{"line":30,"column":11},"end":{"line":30,"column":25}},"loc":{"start":{"line":30,"column":50},"end":{"line":32,"column":null}},"line":30},"2":{"name":"(anonymous_2)","decl":{"start":{"line":36,"column":11},"end":{"line":36,"column":18}},"loc":{"start":{"line":36,"column":61},"end":{"line":41,"column":null}},"line":36},"3":{"name":"(anonymous_3)","decl":{"start":{"line":43,"column":11},"end":{"line":43,"column":18}},"loc":{"start":{"line":43,"column":18},"end":{"line":67,"column":null}},"line":43},"4":{"name":"(anonymous_4)","decl":{"start":{"line":69,"column":12},"end":{"line":69,"column":25}},"loc":{"start":{"line":69,"column":75},"end":{"line":136,"column":null}},"line":69},"5":{"name":"(anonymous_5)","decl":{"start":{"line":141,"column":12},"end":{"line":141,"column":24}},"loc":{"start":{"line":141,"column":52},"end":{"line":154,"column":null}},"line":141},"6":{"name":"(anonymous_6)","decl":{"start":{"line":156,"column":12},"end":{"line":156,"column":32}},"loc":{"start":{"line":156,"column":87},"end":{"line":239,"column":null}},"line":156},"7":{"name":"(anonymous_7)","decl":{"start":{"line":173,"column":25},"end":{"line":173,"column":31}},"loc":{"start":{"line":173,"column":31},"end":{"line":175,"column":null}},"line":173},"8":{"name":"(anonymous_8)","decl":{"start":{"line":177,"column":26},"end":{"line":177,"column":27}},"loc":{"start":{"line":177,"column":35},"end":{"line":182,"column":null}},"line":177}},"branchMap":{"0":{"loc":{"start":{"line":25,"column":8},"end":{"line":27,"column":null}},"type":"if","locations":[{"start":{"line":25,"column":8},"end":{"line":27,"column":null}},{"start":{},"end":{}}],"line":25},"1":{"loc":{"start":{"line":36,"column":37},"end":{"line":36,"column":61}},"type":"default-arg","locations":[{"start":{"line":36,"column":54},"end":{"line":36,"column":61}}],"line":36},"2":{"loc":{"start":{"line":39,"column":24},"end":{"line":39,"column":null}},"type":"cond-expr","locations":[{"start":{"line":39,"column":53},"end":{"line":39,"column":90}},{"start":{"line":39,"column":90},"end":{"line":39,"column":null}}],"line":39},"3":{"loc":{"start":{"line":39,"column":24},"end":{"line":39,"column":53}},"type":"binary-expr","locations":[{"start":{"line":39,"column":24},"end":{"line":39,"column":43}},{"start":{"line":39,"column":43},"end":{"line":39,"column":53}}],"line":39},"4":{"loc":{"start":{"line":45,"column":8},"end":{"line":45,"column":null}},"type":"if","locations":[{"start":{"line":45,"column":8},"end":{"line":45,"column":null}},{"start":{},"end":{}}],"line":45},"5":{"loc":{"start":{"line":51,"column":8},"end":{"line":58,"column":null}},"type":"if","locations":[{"start":{"line":51,"column":8},"end":{"line":58,"column":null}},{"start":{"line":54,"column":15},"end":{"line":58,"column":null}}],"line":51},"6":{"loc":{"start":{"line":51,"column":12},"end":{"line":51,"column":95}},"type":"binary-expr","locations":[{"start":{"line":51,"column":12},"end":{"line":51,"column":44}},{"start":{"line":51,"column":44},"end":{"line":51,"column":95}}],"line":51},"7":{"loc":{"start":{"line":63,"column":12},"end":{"line":65,"column":null}},"type":"if","locations":[{"start":{"line":63,"column":12},"end":{"line":65,"column":null}},{"start":{},"end":{}}],"line":63},"8":{"loc":{"start":{"line":70,"column":8},"end":{"line":135,"column":null}},"type":"if","locations":[{"start":{"line":70,"column":8},"end":{"line":135,"column":null}},{"start":{},"end":{}}],"line":70},"9":{"loc":{"start":{"line":77,"column":12},"end":{"line":88,"column":null}},"type":"if","locations":[{"start":{"line":77,"column":12},"end":{"line":88,"column":null}},{"start":{"line":85,"column":19},"end":{"line":88,"column":null}}],"line":77},"10":{"loc":{"start":{"line":77,"column":16},"end":{"line":77,"column":91}},"type":"binary-expr","locations":[{"start":{"line":77,"column":16},"end":{"line":77,"column":37}},{"start":{"line":77,"column":37},"end":{"line":77,"column":69}},{"start":{"line":77,"column":69},"end":{"line":77,"column":91}}],"line":77},"11":{"loc":{"start":{"line":79,"column":16},"end":{"line":84,"column":null}},"type":"if","locations":[{"start":{"line":79,"column":16},"end":{"line":84,"column":null}},{"start":{},"end":{}}],"line":79},"12":{"loc":{"start":{"line":97,"column":12},"end":{"line":100,"column":null}},"type":"if","locations":[{"start":{"line":97,"column":12},"end":{"line":100,"column":null}},{"start":{},"end":{}}],"line":97},"13":{"loc":{"start":{"line":97,"column":16},"end":{"line":97,"column":84}},"type":"binary-expr","locations":[{"start":{"line":97,"column":16},"end":{"line":97,"column":42}},{"start":{"line":97,"column":42},"end":{"line":97,"column":84}}],"line":97},"14":{"loc":{"start":{"line":102,"column":12},"end":{"line":134,"column":null}},"type":"if","locations":[{"start":{"line":102,"column":12},"end":{"line":134,"column":null}},{"start":{},"end":{}}],"line":102},"15":{"loc":{"start":{"line":104,"column":37},"end":{"line":104,"column":null}},"type":"cond-expr","locations":[{"start":{"line":104,"column":50},"end":{"line":104,"column":77}},{"start":{"line":104,"column":77},"end":{"line":104,"column":null}}],"line":104},"16":{"loc":{"start":{"line":105,"column":39},"end":{"line":105,"column":null}},"type":"cond-expr","locations":[{"start":{"line":105,"column":52},"end":{"line":105,"column":64}},{"start":{"line":105,"column":64},"end":{"line":105,"column":null}}],"line":105},"17":{"loc":{"start":{"line":117,"column":16},"end":{"line":133,"column":null}},"type":"if","locations":[{"start":{"line":117,"column":16},"end":{"line":133,"column":null}},{"start":{},"end":{}}],"line":117},"18":{"loc":{"start":{"line":117,"column":20},"end":{"line":117,"column":85}},"type":"binary-expr","locations":[{"start":{"line":117,"column":20},"end":{"line":117,"column":34}},{"start":{"line":117,"column":34},"end":{"line":117,"column":55}},{"start":{"line":117,"column":55},"end":{"line":117,"column":85}}],"line":117},"19":{"loc":{"start":{"line":120,"column":20},"end":{"line":126,"column":null}},"type":"if","locations":[{"start":{"line":120,"column":20},"end":{"line":126,"column":null}},{"start":{},"end":{}}],"line":120},"20":{"loc":{"start":{"line":122,"column":24},"end":{"line":125,"column":null}},"type":"if","locations":[{"start":{"line":122,"column":24},"end":{"line":125,"column":null}},{"start":{},"end":{}}],"line":122},"21":{"loc":{"start":{"line":142,"column":8},"end":{"line":142,"column":null}},"type":"if","locations":[{"start":{"line":142,"column":8},"end":{"line":142,"column":null}},{"start":{},"end":{}}],"line":142},"22":{"loc":{"start":{"line":145,"column":8},"end":{"line":145,"column":null}},"type":"if","locations":[{"start":{"line":145,"column":8},"end":{"line":145,"column":null}},{"start":{},"end":{}}],"line":145},"23":{"loc":{"start":{"line":145,"column":12},"end":{"line":145,"column":91}},"type":"binary-expr","locations":[{"start":{"line":145,"column":12},"end":{"line":145,"column":33}},{"start":{"line":145,"column":33},"end":{"line":145,"column":53}},{"start":{"line":145,"column":53},"end":{"line":145,"column":73}},{"start":{"line":145,"column":73},"end":{"line":145,"column":91}}],"line":145},"24":{"loc":{"start":{"line":148,"column":8},"end":{"line":148,"column":null}},"type":"if","locations":[{"start":{"line":148,"column":8},"end":{"line":148,"column":null}},{"start":{},"end":{}}],"line":148},"25":{"loc":{"start":{"line":148,"column":12},"end":{"line":148,"column":73}},"type":"binary-expr","locations":[{"start":{"line":148,"column":12},"end":{"line":148,"column":33}},{"start":{"line":148,"column":33},"end":{"line":148,"column":54}},{"start":{"line":148,"column":54},"end":{"line":148,"column":73}}],"line":148},"26":{"loc":{"start":{"line":151,"column":8},"end":{"line":151,"column":null}},"type":"if","locations":[{"start":{"line":151,"column":8},"end":{"line":151,"column":null}},{"start":{},"end":{}}],"line":151},"27":{"loc":{"start":{"line":151,"column":12},"end":{"line":151,"column":90}},"type":"binary-expr","locations":[{"start":{"line":151,"column":12},"end":{"line":151,"column":32}},{"start":{"line":151,"column":32},"end":{"line":151,"column":52}},{"start":{"line":151,"column":52},"end":{"line":151,"column":72}},{"start":{"line":151,"column":72},"end":{"line":151,"column":90}}],"line":151},"28":{"loc":{"start":{"line":157,"column":8},"end":{"line":157,"column":null}},"type":"if","locations":[{"start":{"line":157,"column":8},"end":{"line":157,"column":null}},{"start":{},"end":{}}],"line":157},"29":{"loc":{"start":{"line":162,"column":8},"end":{"line":186,"column":null}},"type":"if","locations":[{"start":{"line":162,"column":8},"end":{"line":186,"column":null}},{"start":{},"end":{}}],"line":162},"30":{"loc":{"start":{"line":188,"column":8},"end":{"line":191,"column":null}},"type":"if","locations":[{"start":{"line":188,"column":8},"end":{"line":191,"column":null}},{"start":{},"end":{}}],"line":188},"31":{"loc":{"start":{"line":188,"column":12},"end":{"line":188,"column":53}},"type":"binary-expr","locations":[{"start":{"line":188,"column":12},"end":{"line":188,"column":29}},{"start":{"line":188,"column":29},"end":{"line":188,"column":53}}],"line":188},"32":{"loc":{"start":{"line":193,"column":26},"end":{"line":193,"column":null}},"type":"binary-expr","locations":[{"start":{"line":193,"column":26},"end":{"line":193,"column":60}},{"start":{"line":193,"column":60},"end":{"line":193,"column":null}}],"line":193},"33":{"loc":{"start":{"line":201,"column":8},"end":{"line":213,"column":null}},"type":"if","locations":[{"start":{"line":201,"column":8},"end":{"line":213,"column":null}},{"start":{"line":207,"column":15},"end":{"line":213,"column":null}}],"line":201}},"s":{"0":10,"1":10,"2":10,"3":10,"4":10,"5":10,"6":10,"7":10,"8":10,"9":0,"10":1,"11":1,"12":1,"13":10,"14":0,"15":10,"16":10,"17":10,"18":4,"19":4,"20":6,"21":6,"22":10,"23":4,"24":4,"25":4,"26":4,"27":4,"28":4,"29":2,"30":2,"31":1,"32":1,"33":1,"34":1,"35":2,"36":4,"37":4,"38":4,"39":4,"40":4,"41":4,"42":1,"43":1,"44":4,"45":2,"46":2,"47":2,"48":2,"49":2,"50":3,"51":3,"52":3,"53":3,"54":2,"55":1,"56":1,"57":1,"58":1,"59":1,"60":1,"61":1,"62":1,"63":1,"64":1,"65":1,"66":1,"67":6,"68":2,"69":4,"70":1,"71":3,"72":1,"73":2,"74":1,"75":1,"76":4,"77":0,"78":4,"79":4,"80":4,"81":2,"82":2,"83":2,"84":2,"85":2,"86":2,"87":2,"88":2,"89":0,"90":2,"91":0,"92":0,"93":0,"94":0,"95":2,"96":2,"97":4,"98":0,"99":4,"100":4,"101":4,"102":4,"103":0,"104":0,"105":0,"106":0,"107":4,"108":4,"109":4,"110":4,"111":4,"112":4,"113":4,"114":4,"115":4,"116":4,"117":4,"118":4,"119":4},"f":{"0":10,"1":1,"2":1,"3":10,"4":4,"5":6,"6":4,"7":0,"8":0},"b":{"0":[0,10],"1":[1],"2":[1,0],"3":[1,1],"4":[0,10],"5":[4,6],"6":[10,4],"7":[4,0],"8":[4,0],"9":[2,2],"10":[4,2,2],"11":[1,1],"12":[1,3],"13":[4,1],"14":[2,2],"15":[2,0],"16":[2,0],"17":[1,1],"18":[2,2,1],"19":[1,0],"20":[1,0],"21":[2,4],"22":[1,3],"23":[4,1,1,1],"24":[1,2],"25":[3,1,1],"26":[1,1],"27":[2,1,1,1],"28":[0,4],"29":[2,2],"30":[0,4],"31":[4,4],"32":[4,0],"33":[0,4]},"meta":{"lastBranch":34,"lastFunction":9,"lastStatement":120,"seen":{"s:11:45:11:Infinity":0,"s:13:55:13:Infinity":1,"s:34:33:34:Infinity":2,"s:138:56:138:Infinity":3,"s:139:40:139:Infinity":4,"f:15:4:15:Infinity":0,"s:22:8:22:Infinity":5,"s:23:8:23:Infinity":6,"s:24:8:24:Infinity":7,"b:25:8:27:Infinity:undefined:undefined:undefined:undefined":0,"s:25:8:27:Infinity":8,"s:26:12:26:Infinity":9,"f:30:11:30:25":1,"s:31:8:31:Infinity":10,"f:36:11:36:18":2,"b:36:54:36:61":1,"s:39:24:39:Infinity":11,"b:39:53:39:90:39:90:39:Infinity":2,"b:39:24:39:43:39:43:39:53":3,"s:40:8:40:Infinity":12,"f:43:11:43:18":3,"b:45:8:45:Infinity:undefined:undefined:undefined:undefined":4,"s:45:8:45:Infinity":13,"s:45:23:45:Infinity":14,"s:47:8:47:Infinity":15,"s:48:22:48:Infinity":16,"b:51:8:58:Infinity:54:15:58:Infinity":5,"s:51:8:58:Infinity":17,"b:51:12:51:44:51:44:51:95":6,"s:52:26:52:Infinity":18,"s:53:12:53:Infinity":19,"s:56:12:56:Infinity":20,"s:57:12:57:Infinity":21,"s:61:8:66:Infinity":22,"s:62:27:62:Infinity":23,"b:63:12:65:Infinity:undefined:undefined:undefined:undefined":7,"s:63:12:65:Infinity":24,"s:64:16:64:Infinity":25,"f:69:12:69:25":4,"b:70:8:135:Infinity:undefined:undefined:undefined:undefined":8,"s:70:8:135:Infinity":26,"s:71:23:71:Infinity":27,"b:77:12:88:Infinity:85:19:88:Infinity":9,"s:77:12:88:Infinity":28,"b:77:16:77:37:77:37:77:69:77:69:77:91":10,"s:78:34:78:Infinity":29,"b:79:16:84:Infinity:undefined:undefined:undefined:undefined":11,"s:79:16:84:Infinity":30,"s:80:20:80:Infinity":31,"s:81:20:83:Infinity":32,"s:81:33:81:36":33,"s:82:24:82:Infinity":34,"s:87:16:87:Infinity":35,"s:90:12:90:Infinity":36,"s:91:12:91:Infinity":37,"s:92:12:92:Infinity":38,"s:93:12:93:Infinity":39,"s:95:12:95:Infinity":40,"b:97:12:100:Infinity:undefined:undefined:undefined:undefined":12,"s:97:12:100:Infinity":41,"b:97:16:97:42:97:42:97:84":13,"s:98:16:98:Infinity":42,"s:99:16:99:Infinity":43,"b:102:12:134:Infinity:undefined:undefined:undefined:undefined":14,"s:102:12:134:Infinity":44,"s:103:35:103:Infinity":45,"s:104:16:104:Infinity":46,"b:104:50:104:77:104:77:104:Infinity":15,"s:105:16:105:Infinity":47,"b:105:52:105:64:105:64:105:Infinity":16,"s:106:16:106:Infinity":48,"s:109:16:114:Infinity":49,"s:110:20:110:Infinity":50,"s:111:20:111:Infinity":51,"s:112:20:112:Infinity":52,"s:113:20:113:Infinity":53,"b:117:16:133:Infinity:undefined:undefined:undefined:undefined":17,"s:117:16:133:Infinity":54,"b:117:20:117:34:117:34:117:55:117:55:117:85":18,"s:118:34:118:Infinity":55,"s:119:34:119:Infinity":56,"b:120:20:126:Infinity:undefined:undefined:undefined:undefined":19,"s:120:20:126:Infinity":57,"s:121:35:121:Infinity":58,"b:122:24:125:Infinity:undefined:undefined:undefined:undefined":20,"s:122:24:125:Infinity":59,"s:123:28:123:Infinity":60,"s:124:28:124:Infinity":61,"s:128:20:128:Infinity":62,"s:129:20:129:Infinity":63,"s:130:20:130:Infinity":64,"s:131:20:131:Infinity":65,"s:132:20:132:Infinity":66,"f:141:12:141:24":5,"b:142:8:142:Infinity:undefined:undefined:undefined:undefined":21,"s:142:8:142:Infinity":67,"s:142:31:142:Infinity":68,"b:145:8:145:Infinity:undefined:undefined:undefined:undefined":22,"s:145:8:145:Infinity":69,"b:145:12:145:33:145:33:145:53:145:53:145:73:145:73:145:91":23,"s:145:91:145:Infinity":70,"b:148:8:148:Infinity:undefined:undefined:undefined:undefined":24,"s:148:8:148:Infinity":71,"b:148:12:148:33:148:33:148:54:148:54:148:73":25,"s:148:73:148:Infinity":72,"b:151:8:151:Infinity:undefined:undefined:undefined:undefined":26,"s:151:8:151:Infinity":73,"b:151:12:151:32:151:32:151:52:151:52:151:72:151:72:151:90":27,"s:151:90:151:Infinity":74,"s:153:8:153:Infinity":75,"f:156:12:156:32":6,"b:157:8:157:Infinity:undefined:undefined:undefined:undefined":28,"s:157:8:157:Infinity":76,"s:157:45:157:Infinity":77,"s:159:22:159:Infinity":78,"s:160:18:160:Infinity":79,"b:162:8:186:Infinity:undefined:undefined:undefined:undefined":29,"s:162:8:186:Infinity":80,"s:163:27:163:Infinity":81,"s:164:12:164:Infinity":82,"s:165:12:165:Infinity":83,"s:167:29:167:Infinity":84,"s:168:12:168:Infinity":85,"s:170:25:170:Infinity":86,"s:171:24:171:Infinity":87,"s:173:12:175:Infinity":88,"f:173:25:173:31":7,"s:174:16:174:Infinity":89,"s:177:12:182:Infinity":90,"f:177:26:177:27":8,"s:178:16:178:Infinity":91,"s:179:16:179:Infinity":92,"s:180:16:180:Infinity":93,"s:181:16:181:Infinity":94,"s:184:12:184:Infinity":95,"s:185:12:185:Infinity":96,"b:188:8:191:Infinity:undefined:undefined:undefined:undefined":30,"s:188:8:191:Infinity":97,"b:188:12:188:29:188:29:188:53":31,"s:190:12:190:Infinity":98,"s:193:26:193:Infinity":99,"b:193:26:193:60:193:60:193:Infinity":32,"s:196:26:196:Infinity":100,"s:197:29:197:Infinity":101,"b:201:8:213:Infinity:207:15:213:Infinity":33,"s:201:8:213:Infinity":102,"s:203:12:203:Infinity":103,"s:204:12:204:Infinity":104,"s:205:12:205:Infinity":105,"s:206:12:206:Infinity":106,"s:209:12:209:Infinity":107,"s:210:12:210:Infinity":108,"s:211:12:211:Infinity":109,"s:212:12:212:Infinity":110,"s:220:8:220:Infinity":111,"s:223:8:223:Infinity":112,"s:224:8:224:Infinity":113,"s:225:8:225:Infinity":114,"s:228:8:228:Infinity":115,"s:229:8:229:Infinity":116,"s:230:8:230:Infinity":117,"s:232:8:236:Infinity":118,"s:238:8:238:Infinity":119}}}
,"/home/inhodpr/workspace/line-animator/app/src/renderer/src/engine/EventBus.ts": {"path":"/home/inhodpr/workspace/line-animator/app/src/renderer/src/engine/EventBus.ts","statementMap":{"0":{"start":{"line":4,"column":52},"end":{"line":4,"column":null}},"1":{"start":{"line":7,"column":8},"end":{"line":9,"column":null}},"2":{"start":{"line":8,"column":12},"end":{"line":8,"column":null}},"3":{"start":{"line":10,"column":8},"end":{"line":10,"column":null}},"4":{"start":{"line":14,"column":8},"end":{"line":14,"column":null}},"5":{"start":{"line":14,"column":36},"end":{"line":14,"column":null}},"6":{"start":{"line":15,"column":8},"end":{"line":15,"column":null}},"7":{"start":{"line":15,"column":67},"end":{"line":15,"column":82}},"8":{"start":{"line":19,"column":8},"end":{"line":19,"column":null}},"9":{"start":{"line":19,"column":36},"end":{"line":19,"column":null}},"10":{"start":{"line":20,"column":8},"end":{"line":22,"column":null}},"11":{"start":{"line":21,"column":12},"end":{"line":21,"column":null}}},"fnMap":{"0":{"name":"(anonymous_0)","decl":{"start":{"line":6,"column":11},"end":{"line":6,"column":14}},"loc":{"start":{"line":6,"column":49},"end":{"line":11,"column":null}},"line":6},"1":{"name":"(anonymous_1)","decl":{"start":{"line":13,"column":11},"end":{"line":13,"column":15}},"loc":{"start":{"line":13,"column":50},"end":{"line":16,"column":null}},"line":13},"2":{"name":"(anonymous_2)","decl":{"start":{"line":15,"column":61},"end":{"line":15,"column":67}},"loc":{"start":{"line":15,"column":67},"end":{"line":15,"column":82}},"line":15},"3":{"name":"(anonymous_3)","decl":{"start":{"line":18,"column":11},"end":{"line":18,"column":16}},"loc":{"start":{"line":18,"column":47},"end":{"line":23,"column":null}},"line":18}},"branchMap":{"0":{"loc":{"start":{"line":7,"column":8},"end":{"line":9,"column":null}},"type":"if","locations":[{"start":{"line":7,"column":8},"end":{"line":9,"column":null}},{"start":{},"end":{}}],"line":7},"1":{"loc":{"start":{"line":14,"column":8},"end":{"line":14,"column":null}},"type":"if","locations":[{"start":{"line":14,"column":8},"end":{"line":14,"column":null}},{"start":{},"end":{}}],"line":14},"2":{"loc":{"start":{"line":19,"column":8},"end":{"line":19,"column":null}},"type":"if","locations":[{"start":{"line":19,"column":8},"end":{"line":19,"column":null}},{"start":{},"end":{}}],"line":19}},"s":{"0":13,"1":4,"2":3,"3":4,"4":1,"5":0,"6":1,"7":1,"8":3,"9":0,"10":3,"11":3},"f":{"0":4,"1":1,"2":1,"3":3},"b":{"0":[3,1],"1":[0,1],"2":[0,3]},"meta":{"lastBranch":3,"lastFunction":4,"lastStatement":12,"seen":{"s:4:52:4:Infinity":0,"f:6:11:6:14":0,"b:7:8:9:Infinity:undefined:undefined:undefined:undefined":0,"s:7:8:9:Infinity":1,"s:8:12:8:Infinity":2,"s:10:8:10:Infinity":3,"f:13:11:13:15":1,"b:14:8:14:Infinity:undefined:undefined:undefined:undefined":1,"s:14:8:14:Infinity":4,"s:14:36:14:Infinity":5,"s:15:8:15:Infinity":6,"f:15:61:15:67":2,"s:15:67:15:82":7,"f:18:11:18:16":3,"b:19:8:19:Infinity:undefined:undefined:undefined:undefined":2,"s:19:8:19:Infinity":8,"s:19:36:19:Infinity":9,"s:20:8:22:Infinity":10,"s:21:12:21:Infinity":11}}}
,"/home/inhodpr/workspace/line-animator/app/src/renderer/src/engine/ExportManager.ts": {"path":"/home/inhodpr/workspace/line-animator/app/src/renderer/src/engine/ExportManager.ts","statementMap":{"0":{"start":{"line":5,"column":24},"end":{"line":5,"column":46}},"1":{"start":{"line":8,"column":22},"end":{"line":8,"column":null}},"2":{"start":{"line":9,"column":24},"end":{"line":9,"column":null}},"3":{"start":{"line":10,"column":28},"end":{"line":10,"column":null}},"4":{"start":{"line":11,"column":28},"end":{"line":11,"column":null}},"5":{"start":{"line":13,"column":8},"end":{"line":13,"column":null}},"6":{"start":{"line":16,"column":24},"end":{"line":24,"column":null}},"7":{"start":{"line":26,"column":8},"end":{"line":29,"column":null}},"8":{"start":{"line":27,"column":12},"end":{"line":27,"column":null}},"9":{"start":{"line":28,"column":12},"end":{"line":28,"column":null}},"10":{"start":{"line":32,"column":8},"end":{"line":51,"column":null}},"11":{"start":{"line":32,"column":21},"end":{"line":32,"column":24}},"12":{"start":{"line":33,"column":30},"end":{"line":33,"column":null}},"13":{"start":{"line":36,"column":12},"end":{"line":36,"column":null}},"14":{"start":{"line":37,"column":12},"end":{"line":37,"column":null}},"15":{"start":{"line":40,"column":28},"end":{"line":40,"column":null}},"16":{"start":{"line":41,"column":28},"end":{"line":41,"column":null}},"17":{"start":{"line":42,"column":31},"end":{"line":42,"column":null}},"18":{"start":{"line":45,"column":12},"end":{"line":48,"column":null}},"19":{"start":{"line":50,"column":12},"end":{"line":50,"column":null}},"20":{"start":{"line":54,"column":8},"end":{"line":54,"column":null}},"21":{"start":{"line":55,"column":8},"end":{"line":55,"column":null}}},"fnMap":{"0":{"name":"(anonymous_0)","decl":{"start":{"line":5,"column":4},"end":{"line":5,"column":24}},"loc":{"start":{"line":5,"column":46},"end":{"line":5,"column":null}},"line":5},"1":{"name":"(anonymous_1)","decl":{"start":{"line":7,"column":17},"end":{"line":7,"column":29}},"loc":{"start":{"line":7,"column":94},"end":{"line":56,"column":null}},"line":7}},"branchMap":{"0":{"loc":{"start":{"line":7,"column":69},"end":{"line":7,"column":94}},"type":"default-arg","locations":[{"start":{"line":7,"column":91},"end":{"line":7,"column":94}}],"line":7},"1":{"loc":{"start":{"line":26,"column":8},"end":{"line":29,"column":null}},"type":"if","locations":[{"start":{"line":26,"column":8},"end":{"line":29,"column":null}},{"start":{},"end":{}}],"line":26}},"s":{"0":2,"1":2,"2":2,"3":2,"4":2,"5":2,"6":2,"7":2,"8":1,"9":1,"10":1,"11":1,"12":30,"13":30,"14":30,"15":30,"16":30,"17":30,"18":30,"19":30,"20":1,"21":1},"f":{"0":2,"1":2},"b":{"0":[2],"1":[1,1]},"meta":{"lastBranch":2,"lastFunction":2,"lastStatement":22,"seen":{"f:5:4:5:24":0,"s:5:24:5:46":0,"f:7:17:7:29":1,"b:7:91:7:94":0,"s:8:22:8:Infinity":1,"s:9:24:9:Infinity":2,"s:10:28:10:Infinity":3,"s:11:28:11:Infinity":4,"s:13:8:13:Infinity":5,"s:16:24:24:Infinity":6,"b:26:8:29:Infinity:undefined:undefined:undefined:undefined":1,"s:26:8:29:Infinity":7,"s:27:12:27:Infinity":8,"s:28:12:28:Infinity":9,"s:32:8:51:Infinity":10,"s:32:21:32:24":11,"s:33:30:33:Infinity":12,"s:36:12:36:Infinity":13,"s:37:12:37:Infinity":14,"s:40:28:40:Infinity":15,"s:41:28:41:Infinity":16,"s:42:31:42:Infinity":17,"s:45:12:48:Infinity":18,"s:50:12:50:Infinity":19,"s:54:8:54:Infinity":20,"s:55:8:55:Infinity":21}}}
,"/home/inhodpr/workspace/line-animator/app/src/renderer/src/engine/IAnimationEngine.ts": {"path":"/home/inhodpr/workspace/line-animator/app/src/renderer/src/engine/IAnimationEngine.ts","statementMap":{"0":{"start":{"line":12,"column":8},"end":{"line":12,"column":null}},"1":{"start":{"line":15,"column":8},"end":{"line":15,"column":null}},"2":{"start":{"line":18,"column":8},"end":{"line":18,"column":null}}},"fnMap":{"0":{"name":"(anonymous_0)","decl":{"start":{"line":10,"column":4},"end":{"line":10,"column":26}},"loc":{"start":{"line":10,"column":93},"end":{"line":13,"column":null}},"line":10},"1":{"name":"(anonymous_1)","decl":{"start":{"line":14,"column":4},"end":{"line":14,"column":24}},"loc":{"start":{"line":14,"column":58},"end":{"line":16,"column":null}},"line":14},"2":{"name":"(anonymous_2)","decl":{"start":{"line":17,"column":4},"end":{"line":17,"column":30}},"loc":{"start":{"line":17,"column":95},"end":{"line":19,"column":null}},"line":17}},"branchMap":{"0":{"loc":{"start":{"line":15,"column":15},"end":{"line":15,"column":null}},"type":"cond-expr","locations":[{"start":{"line":15,"column":44},"end":{"line":15,"column":65}},{"start":{"line":15,"column":65},"end":{"line":15,"column":null}}],"line":15}},"s":{"0":0,"1":0,"2":0},"f":{"0":0,"1":0,"2":0},"b":{"0":[0,0]},"meta":{"lastBranch":1,"lastFunction":3,"lastStatement":3,"seen":{"f:10:4:10:26":0,"s:12:8:12:Infinity":0,"f:14:4:14:24":1,"s:15:8:15:Infinity":1,"b:15:44:15:65:15:65:15:Infinity":0,"f:17:4:17:30":2,"s:18:8:18:Infinity":2}}}
,"/home/inhodpr/workspace/line-animator/app/src/renderer/src/engine/ITimeSource.ts": {"path":"/home/inhodpr/workspace/line-animator/app/src/renderer/src/engine/ITimeSource.ts","statementMap":{},"fnMap":{},"branchMap":{},"s":{},"f":{},"b":{},"meta":{"lastBranch":0,"lastFunction":0,"lastStatement":0,"seen":{}}}
,"/home/inhodpr/workspace/line-animator/app/src/renderer/src/engine/IWavePropagationStrategy.ts": {"path":"/home/inhodpr/workspace/line-animator/app/src/renderer/src/engine/IWavePropagationStrategy.ts","statementMap":{},"fnMap":{},"branchMap":{},"s":{},"f":{},"b":{},"meta":{"lastBranch":0,"lastFunction":0,"lastStatement":0,"seen":{}}}
,"/home/inhodpr/workspace/line-animator/app/src/renderer/src/engine/LiveAudioAdapter.ts": {"path":"/home/inhodpr/workspace/line-animator/app/src/renderer/src/engine/LiveAudioAdapter.ts","statementMap":{"0":{"start":{"line":11,"column":44},"end":{"line":11,"column":null}},"1":{"start":{"line":12,"column":60},"end":{"line":12,"column":null}},"2":{"start":{"line":13,"column":48},"end":{"line":13,"column":null}},"3":{"start":{"line":14,"column":51},"end":{"line":14,"column":null}},"4":{"start":{"line":15,"column":32},"end":{"line":15,"column":null}},"5":{"start":{"line":16,"column":54},"end":{"line":16,"column":null}},"6":{"start":{"line":17,"column":63},"end":{"line":17,"column":null}},"7":{"start":{"line":18,"column":46},"end":{"line":18,"column":null}},"8":{"start":{"line":19,"column":44},"end":{"line":19,"column":null}},"9":{"start":{"line":20,"column":41},"end":{"line":20,"column":null}},"10":{"start":{"line":21,"column":26},"end":{"line":21,"column":null}},"11":{"start":{"line":22,"column":32},"end":{"line":22,"column":null}},"12":{"start":{"line":23,"column":46},"end":{"line":23,"column":null}},"13":{"start":{"line":26,"column":8},"end":{"line":26,"column":null}},"14":{"start":{"line":30,"column":8},"end":{"line":91,"column":null}},"15":{"start":{"line":31,"column":12},"end":{"line":35,"column":null}},"16":{"start":{"line":32,"column":16},"end":{"line":34,"column":null}},"17":{"start":{"line":37,"column":56},"end":{"line":40,"column":null}},"18":{"start":{"line":42,"column":27},"end":{"line":42,"column":null}},"19":{"start":{"line":44,"column":12},"end":{"line":44,"column":null}},"20":{"start":{"line":47,"column":12},"end":{"line":47,"column":null}},"21":{"start":{"line":48,"column":12},"end":{"line":48,"column":null}},"22":{"start":{"line":49,"column":12},"end":{"line":49,"column":null}},"23":{"start":{"line":52,"column":12},"end":{"line":52,"column":null}},"24":{"start":{"line":53,"column":12},"end":{"line":53,"column":null}},"25":{"start":{"line":56,"column":12},"end":{"line":80,"column":null}},"26":{"start":{"line":57,"column":16},"end":{"line":57,"column":null}},"27":{"start":{"line":58,"column":16},"end":{"line":58,"column":null}},"28":{"start":{"line":59,"column":16},"end":{"line":59,"column":null}},"29":{"start":{"line":60,"column":16},"end":{"line":60,"column":null}},"30":{"start":{"line":62,"column":16},"end":{"line":65,"column":null}},"31":{"start":{"line":67,"column":16},"end":{"line":67,"column":null}},"32":{"start":{"line":68,"column":16},"end":{"line":79,"column":null}},"33":{"start":{"line":69,"column":20},"end":{"line":78,"column":null}},"34":{"start":{"line":70,"column":68},"end":{"line":70,"column":null}},"35":{"start":{"line":71,"column":39},"end":{"line":71,"column":null}},"36":{"start":{"line":72,"column":24},"end":{"line":77,"column":null}},"37":{"start":{"line":73,"column":28},"end":{"line":73,"column":null}},"38":{"start":{"line":73,"column":61},"end":{"line":73,"column":110}},"39":{"start":{"line":74,"column":28},"end":{"line":76,"column":null}},"40":{"start":{"line":75,"column":32},"end":{"line":75,"column":null}},"41":{"start":{"line":82,"column":12},"end":{"line":82,"column":null}},"42":{"start":{"line":84,"column":12},"end":{"line":84,"column":null}},"43":{"start":{"line":85,"column":12},"end":{"line":85,"column":null}},"44":{"start":{"line":87,"column":12},"end":{"line":87,"column":null}},"45":{"start":{"line":89,"column":12},"end":{"line":89,"column":null}},"46":{"start":{"line":90,"column":12},"end":{"line":90,"column":null}},"47":{"start":{"line":95,"column":8},"end":{"line":98,"column":null}},"48":{"start":{"line":96,"column":12},"end":{"line":96,"column":null}},"49":{"start":{"line":97,"column":12},"end":{"line":97,"column":null}},"50":{"start":{"line":99,"column":8},"end":{"line":102,"column":null}},"51":{"start":{"line":100,"column":12},"end":{"line":100,"column":null}},"52":{"start":{"line":101,"column":12},"end":{"line":101,"column":null}},"53":{"start":{"line":103,"column":8},"end":{"line":103,"column":null}},"54":{"start":{"line":104,"column":8},"end":{"line":104,"column":null}},"55":{"start":{"line":105,"column":8},"end":{"line":105,"column":null}},"56":{"start":{"line":109,"column":21},"end":{"line":117,"column":null}},"57":{"start":{"line":110,"column":27},"end":{"line":110,"column":null}},"58":{"start":{"line":111,"column":12},"end":{"line":111,"column":null}},"59":{"start":{"line":111,"column":41},"end":{"line":111,"column":51}},"60":{"start":{"line":114,"column":12},"end":{"line":114,"column":null}},"61":{"start":{"line":116,"column":12},"end":{"line":116,"column":null}},"62":{"start":{"line":118,"column":8},"end":{"line":118,"column":null}},"63":{"start":{"line":122,"column":8},"end":{"line":122,"column":null}},"64":{"start":{"line":122,"column":27},"end":{"line":122,"column":null}},"65":{"start":{"line":124,"column":25},"end":{"line":124,"column":null}},"66":{"start":{"line":125,"column":14},"end":{"line":125,"column":null}},"67":{"start":{"line":127,"column":8},"end":{"line":147,"column":null}},"68":{"start":{"line":128,"column":25},"end":{"line":128,"column":null}},"69":{"start":{"line":129,"column":30},"end":{"line":129,"column":null}},"70":{"start":{"line":130,"column":30},"end":{"line":130,"column":null}},"71":{"start":{"line":131,"column":26},"end":{"line":131,"column":null}},"72":{"start":{"line":132,"column":27},"end":{"line":132,"column":null}},"73":{"start":{"line":135,"column":33},"end":{"line":135,"column":null}},"74":{"start":{"line":137,"column":27},"end":{"line":137,"column":null}},"75":{"start":{"line":138,"column":12},"end":{"line":143,"column":null}},"76":{"start":{"line":139,"column":16},"end":{"line":139,"column":null}},"77":{"start":{"line":139,"column":49},"end":{"line":139,"column":87}},"78":{"start":{"line":140,"column":16},"end":{"line":142,"column":null}},"79":{"start":{"line":141,"column":20},"end":{"line":141,"column":null}},"80":{"start":{"line":145,"column":12},"end":{"line":145,"column":null}},"81":{"start":{"line":146,"column":12},"end":{"line":146,"column":null}},"82":{"start":{"line":151,"column":8},"end":{"line":151,"column":null}},"83":{"start":{"line":155,"column":8},"end":{"line":155,"column":null}},"84":{"start":{"line":155,"column":49},"end":{"line":155,"column":null}},"85":{"start":{"line":157,"column":8},"end":{"line":157,"column":null}},"86":{"start":{"line":157,"column":40},"end":{"line":157,"column":44}},"87":{"start":{"line":158,"column":27},"end":{"line":158,"column":null}},"88":{"start":{"line":160,"column":22},"end":{"line":169,"column":null}},"89":{"start":{"line":161,"column":27},"end":{"line":161,"column":null}},"90":{"start":{"line":162,"column":12},"end":{"line":168,"column":null}},"91":{"start":{"line":171,"column":8},"end":{"line":174,"column":null}},"92":{"start":{"line":179,"column":17},"end":{"line":179,"column":20}},"93":{"start":{"line":179,"column":25},"end":{"line":179,"column":28}},"94":{"start":{"line":179,"column":33},"end":{"line":179,"column":36}},"95":{"start":{"line":179,"column":41},"end":{"line":179,"column":44}},"96":{"start":{"line":179,"column":49},"end":{"line":179,"column":null}},"97":{"start":{"line":180,"column":18},"end":{"line":180,"column":null}},"98":{"start":{"line":182,"column":8},"end":{"line":218,"column":null}},"99":{"start":{"line":184,"column":23},"end":{"line":184,"column":null}},"100":{"start":{"line":185,"column":23},"end":{"line":185,"column":null}},"101":{"start":{"line":186,"column":26},"end":{"line":186,"column":null}},"102":{"start":{"line":187,"column":26},"end":{"line":187,"column":null}},"103":{"start":{"line":188,"column":23},"end":{"line":188,"column":null}},"104":{"start":{"line":189,"column":12},"end":{"line":189,"column":null}},"105":{"start":{"line":190,"column":12},"end":{"line":190,"column":null}},"106":{"start":{"line":191,"column":12},"end":{"line":191,"column":null}},"107":{"start":{"line":192,"column":12},"end":{"line":192,"column":null}},"108":{"start":{"line":193,"column":12},"end":{"line":193,"column":null}},"109":{"start":{"line":194,"column":8},"end":{"line":218,"column":null}},"110":{"start":{"line":196,"column":23},"end":{"line":196,"column":null}},"111":{"start":{"line":197,"column":23},"end":{"line":197,"column":null}},"112":{"start":{"line":198,"column":26},"end":{"line":198,"column":null}},"113":{"start":{"line":199,"column":26},"end":{"line":199,"column":null}},"114":{"start":{"line":200,"column":23},"end":{"line":200,"column":null}},"115":{"start":{"line":201,"column":12},"end":{"line":201,"column":null}},"116":{"start":{"line":202,"column":12},"end":{"line":202,"column":null}},"117":{"start":{"line":203,"column":12},"end":{"line":203,"column":null}},"118":{"start":{"line":204,"column":12},"end":{"line":204,"column":null}},"119":{"start":{"line":205,"column":12},"end":{"line":205,"column":null}},"120":{"start":{"line":206,"column":8},"end":{"line":218,"column":null}},"121":{"start":{"line":208,"column":23},"end":{"line":208,"column":null}},"122":{"start":{"line":209,"column":23},"end":{"line":209,"column":null}},"123":{"start":{"line":210,"column":26},"end":{"line":210,"column":null}},"124":{"start":{"line":211,"column":26},"end":{"line":211,"column":null}},"125":{"start":{"line":212,"column":23},"end":{"line":212,"column":null}},"126":{"start":{"line":213,"column":12},"end":{"line":213,"column":null}},"127":{"start":{"line":214,"column":12},"end":{"line":214,"column":null}},"128":{"start":{"line":215,"column":12},"end":{"line":215,"column":null}},"129":{"start":{"line":216,"column":12},"end":{"line":216,"column":null}},"130":{"start":{"line":217,"column":12},"end":{"line":217,"column":null}},"131":{"start":{"line":220,"column":8},"end":{"line":220,"column":null}},"132":{"start":{"line":224,"column":8},"end":{"line":224,"column":null}},"133":{"start":{"line":224,"column":28},"end":{"line":224,"column":null}},"134":{"start":{"line":225,"column":8},"end":{"line":225,"column":null}},"135":{"start":{"line":229,"column":8},"end":{"line":229,"column":null}},"136":{"start":{"line":233,"column":8},"end":{"line":233,"column":null}},"137":{"start":{"line":233,"column":53},"end":{"line":233,"column":68}},"138":{"start":{"line":237,"column":8},"end":{"line":237,"column":null}},"139":{"start":{"line":241,"column":8},"end":{"line":241,"column":null}},"140":{"start":{"line":241,"column":32},"end":{"line":241,"column":null}},"141":{"start":{"line":242,"column":26},"end":{"line":242,"column":null}},"142":{"start":{"line":243,"column":8},"end":{"line":243,"column":null}},"143":{"start":{"line":244,"column":8},"end":{"line":244,"column":null}},"144":{"start":{"line":248,"column":21},"end":{"line":248,"column":null}},"145":{"start":{"line":249,"column":8},"end":{"line":249,"column":null}},"146":{"start":{"line":249,"column":31},"end":{"line":249,"column":null}},"147":{"start":{"line":250,"column":18},"end":{"line":250,"column":null}},"148":{"start":{"line":251,"column":8},"end":{"line":253,"column":null}},"149":{"start":{"line":251,"column":21},"end":{"line":251,"column":24}},"150":{"start":{"line":252,"column":12},"end":{"line":252,"column":null}},"151":{"start":{"line":254,"column":8},"end":{"line":254,"column":null}},"152":{"start":{"line":259,"column":21},"end":{"line":259,"column":null}},"153":{"start":{"line":260,"column":8},"end":{"line":260,"column":null}},"154":{"start":{"line":260,"column":31},"end":{"line":260,"column":null}},"155":{"start":{"line":261,"column":27},"end":{"line":261,"column":null}},"156":{"start":{"line":262,"column":25},"end":{"line":262,"column":null}},"157":{"start":{"line":263,"column":27},"end":{"line":263,"column":null}},"158":{"start":{"line":264,"column":25},"end":{"line":264,"column":null}},"159":{"start":{"line":265,"column":8},"end":{"line":265,"column":null}},"160":{"start":{"line":265,"column":39},"end":{"line":265,"column":null}},"161":{"start":{"line":266,"column":18},"end":{"line":266,"column":null}},"162":{"start":{"line":267,"column":20},"end":{"line":267,"column":null}},"163":{"start":{"line":268,"column":8},"end":{"line":271,"column":null}},"164":{"start":{"line":268,"column":21},"end":{"line":268,"column":33}},"165":{"start":{"line":269,"column":12},"end":{"line":269,"column":null}},"166":{"start":{"line":270,"column":12},"end":{"line":270,"column":null}},"167":{"start":{"line":272,"column":8},"end":{"line":272,"column":null}}},"fnMap":{"0":{"name":"(anonymous_0)","decl":{"start":{"line":25,"column":4},"end":{"line":25,"column":18}},"loc":{"start":{"line":25,"column":18},"end":{"line":27,"column":null}},"line":25},"1":{"name":"(anonymous_1)","decl":{"start":{"line":29,"column":17},"end":{"line":29,"column":23}},"loc":{"start":{"line":29,"column":60},"end":{"line":92,"column":null}},"line":29},"2":{"name":"(anonymous_2)","decl":{"start":{"line":68,"column":50},"end":{"line":68,"column":51}},"loc":{"start":{"line":68,"column":57},"end":{"line":79,"column":null}},"line":68},"3":{"name":"(anonymous_3)","decl":{"start":{"line":73,"column":55},"end":{"line":73,"column":61}},"loc":{"start":{"line":73,"column":61},"end":{"line":73,"column":110}},"line":73},"4":{"name":"(anonymous_4)","decl":{"start":{"line":94,"column":11},"end":{"line":94,"column":18}},"loc":{"start":{"line":94,"column":18},"end":{"line":106,"column":null}},"line":94},"5":{"name":"(anonymous_5)","decl":{"start":{"line":108,"column":12},"end":{"line":108,"column":27}},"loc":{"start":{"line":108,"column":27},"end":{"line":119,"column":null}},"line":108},"6":{"name":"(anonymous_6)","decl":{"start":{"line":109,"column":21},"end":{"line":109,"column":27}},"loc":{"start":{"line":109,"column":27},"end":{"line":117,"column":null}},"line":109},"7":{"name":"(anonymous_7)","decl":{"start":{"line":111,"column":35},"end":{"line":111,"column":41}},"loc":{"start":{"line":111,"column":41},"end":{"line":111,"column":51}},"line":111},"8":{"name":"(anonymous_8)","decl":{"start":{"line":121,"column":12},"end":{"line":121,"column":22}},"loc":{"start":{"line":121,"column":22},"end":{"line":148,"column":null}},"line":121},"9":{"name":"(anonymous_9)","decl":{"start":{"line":139,"column":43},"end":{"line":139,"column":49}},"loc":{"start":{"line":139,"column":49},"end":{"line":139,"column":87}},"line":139},"10":{"name":"(anonymous_10)","decl":{"start":{"line":150,"column":11},"end":{"line":150,"column":26}},"loc":{"start":{"line":150,"column":52},"end":{"line":152,"column":null}},"line":150},"11":{"name":"(anonymous_11)","decl":{"start":{"line":154,"column":11},"end":{"line":154,"column":26}},"loc":{"start":{"line":154,"column":111},"end":{"line":175,"column":null}},"line":154},"12":{"name":"(anonymous_12)","decl":{"start":{"line":157,"column":35},"end":{"line":157,"column":40}},"loc":{"start":{"line":157,"column":40},"end":{"line":157,"column":44}},"line":157},"13":{"name":"(anonymous_13)","decl":{"start":{"line":160,"column":34},"end":{"line":160,"column":39}},"loc":{"start":{"line":160,"column":39},"end":{"line":169,"column":9}},"line":160},"14":{"name":"(anonymous_14)","decl":{"start":{"line":177,"column":12},"end":{"line":177,"column":34}},"loc":{"start":{"line":177,"column":60},"end":{"line":221,"column":null}},"line":177},"15":{"name":"(anonymous_15)","decl":{"start":{"line":223,"column":11},"end":{"line":223,"column":38}},"loc":{"start":{"line":223,"column":38},"end":{"line":226,"column":null}},"line":223},"16":{"name":"(anonymous_16)","decl":{"start":{"line":228,"column":11},"end":{"line":228,"column":24}},"loc":{"start":{"line":228,"column":66},"end":{"line":230,"column":null}},"line":228},"17":{"name":"(anonymous_17)","decl":{"start":{"line":232,"column":11},"end":{"line":232,"column":36}},"loc":{"start":{"line":232,"column":78},"end":{"line":234,"column":null}},"line":232},"18":{"name":"(anonymous_18)","decl":{"start":{"line":233,"column":47},"end":{"line":233,"column":53}},"loc":{"start":{"line":233,"column":53},"end":{"line":233,"column":68}},"line":233},"19":{"name":"(anonymous_19)","decl":{"start":{"line":236,"column":11},"end":{"line":236,"column":26}},"loc":{"start":{"line":236,"column":67},"end":{"line":238,"column":null}},"line":236},"20":{"name":"(anonymous_20)","decl":{"start":{"line":240,"column":11},"end":{"line":240,"column":42}},"loc":{"start":{"line":240,"column":42},"end":{"line":245,"column":null}},"line":240},"21":{"name":"(anonymous_21)","decl":{"start":{"line":247,"column":11},"end":{"line":247,"column":31}},"loc":{"start":{"line":247,"column":31},"end":{"line":255,"column":null}},"line":247},"22":{"name":"(anonymous_22)","decl":{"start":{"line":257,"column":11},"end":{"line":257,"column":25}},"loc":{"start":{"line":257,"column":60},"end":{"line":273,"column":null}},"line":257}},"branchMap":{"0":{"loc":{"start":{"line":31,"column":12},"end":{"line":35,"column":null}},"type":"if","locations":[{"start":{"line":31,"column":12},"end":{"line":35,"column":null}},{"start":{},"end":{}}],"line":31},"1":{"loc":{"start":{"line":32,"column":37},"end":{"line":32,"column":96}},"type":"binary-expr","locations":[{"start":{"line":32,"column":37},"end":{"line":32,"column":61}},{"start":{"line":32,"column":61},"end":{"line":32,"column":96}}],"line":32},"2":{"loc":{"start":{"line":38,"column":23},"end":{"line":38,"column":null}},"type":"cond-expr","locations":[{"start":{"line":38,"column":34},"end":{"line":38,"column":70}},{"start":{"line":38,"column":70},"end":{"line":38,"column":null}}],"line":38},"3":{"loc":{"start":{"line":56,"column":12},"end":{"line":80,"column":null}},"type":"if","locations":[{"start":{"line":56,"column":12},"end":{"line":80,"column":null}},{"start":{"line":66,"column":19},"end":{"line":80,"column":null}}],"line":56},"4":{"loc":{"start":{"line":69,"column":20},"end":{"line":78,"column":null}},"type":"if","locations":[{"start":{"line":69,"column":20},"end":{"line":78,"column":null}},{"start":{},"end":{}}],"line":69},"5":{"loc":{"start":{"line":72,"column":24},"end":{"line":77,"column":null}},"type":"if","locations":[{"start":{"line":72,"column":24},"end":{"line":77,"column":null}},{"start":{},"end":{}}],"line":72},"6":{"loc":{"start":{"line":74,"column":28},"end":{"line":76,"column":null}},"type":"if","locations":[{"start":{"line":74,"column":28},"end":{"line":76,"column":null}},{"start":{},"end":{}}],"line":74},"7":{"loc":{"start":{"line":95,"column":8},"end":{"line":98,"column":null}},"type":"if","locations":[{"start":{"line":95,"column":8},"end":{"line":98,"column":null}},{"start":{},"end":{}}],"line":95},"8":{"loc":{"start":{"line":99,"column":8},"end":{"line":102,"column":null}},"type":"if"
[...]
start":{"line":110,"column":61},"end":{"line":110,"column":85}}],"line":110},"21":{"loc":{"start":{"line":111,"column":12},"end":{"line":125,"column":null}},"type":"if","locations":[{"start":{"line":111,"column":12},"end":{"line":125,"column":null}},{"start":{"line":123,"column":19},"end":{"line":125,"column":null}}],"line":111},"22":{"loc":{"start":{"line":113,"column":16},"end":{"line":122,"column":null}},"type":"if","locations":[{"start":{"line":113,"column":16},"end":{"line":122,"column":null}},{"start":{},"end":{}}],"line":113},"23":{"loc":{"start":{"line":113,"column":20},"end":{"line":113,"column":54}},"type":"binary-expr","locations":[{"start":{"line":113,"column":20},"end":{"line":113,"column":30}},{"start":{"line":113,"column":30},"end":{"line":113,"column":54}}],"line":113},"24":{"loc":{"start":{"line":116,"column":20},"end":{"line":120,"column":null}},"type":"if","locations":[{"start":{"line":116,"column":20},"end":{"line":120,"column":null}},{"start":{"line":118,"column":27},"end":{"line":120,"column":null}}],"line":116}},"s":{"0":5,"1":5,"2":5,"3":5,"4":5,"5":4,"6":4,"7":4,"8":4,"9":4,"10":4,"11":4,"12":4,"13":4,"14":4,"15":0,"16":4,"17":4,"18":4,"19":4,"20":4,"21":1,"22":1,"23":1,"24":1,"25":3,"26":3,"27":3,"28":3,"29":3,"30":3,"31":3,"32":3,"33":3,"34":3,"35":3,"36":3,"37":3,"38":0,"39":3,"40":3,"41":2,"42":0,"43":2,"44":2,"45":0,"46":2,"47":1,"48":1,"49":1,"50":1,"51":0,"52":0,"53":0,"54":0,"55":0,"56":1,"57":1,"58":1,"59":1,"60":1,"61":0,"62":0,"63":0,"64":0,"65":2,"66":2,"67":1,"68":1,"69":1,"70":1,"71":1,"72":1,"73":0,"74":1,"75":1},"f":{"0":5,"1":4,"2":2,"3":0,"4":2},"b":{"0":[0,4],"1":[4,4],"2":[4,0],"3":[4,4,4],"4":[4,0],"5":[4,0],"6":[1,3],"7":[3,0],"8":[3,0],"9":[0,3],"10":[0,2],"11":[0,2],"12":[2,2],"13":[1,1],"14":[1,0],"15":[1,0],"16":[0,0],"17":[1,0],"18":[1,1],"19":[2,0],"20":[2,1,2],"21":[1,1],"22":[1,0],"23":[1,1],"24":[1,0]},"meta":{"lastBranch":25,"lastFunction":5,"lastStatement":76,"seen":{"s:11:48:11:Infinity":0,"s:12:46:12:Infinity":1,"s:13:45:13:Infinity":2,"s:14:34:14:Infinity":3,"f:8:4:8:16":0,"s:9:8:9:Infinity":4,"f:16:4:16:16":1,"s:17:19:17:Infinity":5,"s:18:19:18:Infinity":6,"s:19:26:19:Infinity":7,"s:22:8:22:Infinity":8,"s:23:8:23:Infinity":9,"s:26:8:70:Infinity":10,"s:26:21:26:49":11,"s:27:23:27:Infinity":12,"s:28:27:28:Infinity":13,"b:29:12:29:Infinity:undefined:undefined:undefined:undefined":0,"s:29:12:29:Infinity":14,"b:29:16:29:27:29:27:29:51":1,"s:29:51:29:Infinity":15,"b:32:12:43:Infinity:undefined:undefined:undefined:undefined":2,"s:32:12:43:Infinity":16,"b:32:16:32:49:32:49:32:70:32:70:32:100":3,"s:33:26:33:Infinity":17,"b:33:49:33:100:33:100:33:Infinity":4,"b:34:16:42:Infinity:undefined:undefined:undefined:undefined":5,"s:34:16:42:Infinity":18,"s:35:33:35:Infinity":19,"b:36:20:41:Infinity:undefined:undefined:undefined:undefined":6,"s:36:20:41:Infinity":20,"s:37:24:37:Infinity":21,"s:38:24:38:Infinity":22,"s:39:24:39:Infinity":23,"s:40:24:40:Infinity":24,"s:47:27:47:Infinity":25,"s:48:12:55:Infinity":26,"s:48:25:48:28":27,"s:49:26:49:Infinity":28,"s:50:29:50:Infinity":29,"b:51:16:54:Infinity:undefined:undefined:undefined:undefined":7,"s:51:16:54:Infinity":30,"s:52:20:52:Infinity":31,"s:53:20:53:Infinity":32,"b:57:12:69:Infinity:undefined:undefined:undefined:undefined":8,"s:57:12:69:Infinity":33,"s:58:16:58:Infinity":34,"s:59:16:59:Infinity":35,"s:60:16:60:Infinity":36,"b:63:16:65:Infinity:undefined:undefined:undefined:undefined":9,"s:63:16:65:Infinity":37,"s:64:20:64:Infinity":38,"s:67:16:67:Infinity":39,"s:68:16:68:Infinity":40,"f:73:4:73:16":2,"b:74:8:74:Infinity:undefined:undefined:undefined:undefined":10,"s:74:8:74:Infinity":41,"s:74:36:74:Infinity":42,"s:76:23:76:Infinity":43,"b:77:8:77:Infinity:undefined:undefined:undefined:undefined":11,"s:77:8:77:Infinity":44,"b:77:12:77:23:77:23:77:47":12,"s:77:47:77:Infinity":45,"b:79:8:93:Infinity:undefined:undefined:undefined:undefined":13,"s:79:8:93:Infinity":46,"b:80:12:91:Infinity:undefined:undefined:undefined:undefined":14,"s:80:12:91:Infinity":47,"b:81:16:90:Infinity:84:23:90:Infinity":15,"s:81:16:90:Infinity":48,"s:82:39:82:Infinity":49,"s:83:20:83:Infinity":50,"s:85:35:85:Infinity":51,"s:86:34:86:Infinity":52,"s:87:35:87:Infinity":53,"s:88:37:88:Infinity":54,"b:88:50:88:104:88:104:88:Infinity":16,"s:89:20:89:Infinity":55,"s:92:12:92:Infinity":56,"b:95:8:99:Infinity:undefined:undefined:undefined:undefined":17,"s:95:8:99:Infinity":57,"b:95:12:95:31:95:31:95:65":18,"s:96:32:96:Infinity":58,"s:97:12:97:Infinity":59,"s:98:12:98:Infinity":60,"f:102:4:102:14":3,"s:103:8:103:Infinity":61,"s:104:8:104:Infinity":62,"s:105:8:105:Infinity":63,"s:106:8:106:Infinity":64,"f:109:4:109:14":4,"b:110:8:126:Infinity:undefined:undefined:undefined:undefined":19,"s:110:8:126:Infinity":65,"b:110:13:110:38:110:38:110:61:110:61:110:85":20,"b:111:12:125:Infinity:123:19:125:Infinity":21,"s:111:12:125:Infinity":66,"s:112:31:112:Infinity":67,"b:113:16:122:Infinity:undefined:undefined:undefined:undefined":22,"s:113:16:122:Infinity":68,"b:113:20:113:30:113:30:113:54":23,"s:114:40:114:Infinity":69,"s:115:20:115:Infinity":70,"b:116:20:120:Infinity:118:27:120:Infinity":24,"s:116:20:120:Infinity":71,"s:117:24:117:Infinity":72,"s:119:24:119:Infinity":73,"s:121:20:121:Infinity":74,"s:124:16:124:Infinity":75}}}
,"/home/inhodpr/workspace/line-animator/app/src/renderer/src/tools/IToolHandler.ts": {"path":"/home/inhodpr/workspace/line-animator/app/src/renderer/src/tools/IToolHandler.ts","statementMap":{},"fnMap":{},"branchMap":{},"s":{},"f":{},"b":{},"meta":{"lastBranch":0,"lastFunction":0,"lastStatement":0,"seen":{}}}
,"/home/inhodpr/workspace/line-animator/app/src/renderer/src/tools/SelectToolHandler.ts": {"path":"/home/inhodpr/workspace/line-animator/app/src/renderer/src/tools/SelectToolHandler.ts","statementMap":{"0":{"start":{"line":10,"column":25},"end":{"line":10,"column":null}},"1":{"start":{"line":11,"column":25},"end":{"line":11,"column":null}},"2":{"start":{"line":12,"column":78},"end":{"line":12,"column":null}},"3":{"start":{"line":13,"column":25},"end":{"line":13,"column":null}},"4":{"start":{"line":16,"column":35},"end":{"line":16,"column":null}},"5":{"start":{"line":20,"column":33},"end":{"line":20,"column":null}},"6":{"start":{"line":21,"column":23},"end":{"line":21,"column":null}},"7":{"start":{"line":26,"column":8},"end":{"line":54,"column":null}},"8":{"start":{"line":26,"column":21},"end":{"line":26,"column":49}},"9":{"start":{"line":27,"column":23},"end":{"line":27,"column":null}},"10":{"start":{"line":28,"column":27},"end":{"line":28,"column":null}},"11":{"start":{"line":30,"column":12},"end":{"line":53,"column":null}},"12":{"start":{"line":31,"column":27},"end":{"line":31,"column":null}},"13":{"start":{"line":33,"column":16},"end":{"line":43,"column":null}},"14":{"start":{"line":34,"column":38},"end":{"line":34,"column":null}},"15":{"start":{"line":35,"column":20},"end":{"line":40,"column":null}},"16":{"start":{"line":36,"column":24},"end":{"line":36,"column":null}},"17":{"start":{"line":37,"column":24},"end":{"line":39,"column":null}},"18":{"start":{"line":37,"column":37},"end":{"line":37,"column":40}},"19":{"start":{"line":38,"column":28},"end":{"line":38,"column":null}},"20":{"start":{"line":42,"column":20},"end":{"line":42,"column":null}},"21":{"start":{"line":45,"column":16},"end":{"line":45,"column":null}},"22":{"start":{"line":46,"column":16},"end":{"line":46,"column":null}},"23":{"start":{"line":47,"column":16},"end":{"line":47,"column":null}},"24":{"start":{"line":49,"column":16},"end":{"line":52,"column":null}},"25":{"start":{"line":50,"column":20},"end":{"line":50,"column":null}},"26":{"start":{"line":51,"column":20},"end":{"line":51,"column":null}},"27":{"start":{"line":56,"column":8},"end":{"line":56,"column":null}},"28":{"start":{"line":58,"column":8},"end":{"line":64,"column":null}},"29":{"start":{"line":59,"column":12},"end":{"line":59,"column":null}},"30":{"start":{"line":60,"column":12},"end":{"line":60,"column":null}},"31":{"start":{"line":61,"column":12},"end":{"line":61,"column":null}},"32":{"start":{"line":62,"column":12},"end":{"line":62,"column":null}},"33":{"start":{"line":63,"column":12},"end":{"line":63,"column":null}},"34":{"start":{"line":68,"column":8},"end":{"line":68,"column":null}},"35":{"start":{"line":68,"column":93},"end":{"line":68,"column":null}},"36":{"start":{"line":70,"column":19},"end":{"line":70,"column":null}},"37":{"start":{"line":71,"column":19},"end":{"line":71,"column":null}},"38":{"start":{"line":73,"column":8},"end":{"line":79,"column":null}},"39":{"start":{"line":74,"column":32},"end":{"line":77,"column":null}},"40":{"start":{"line":74,"column":83},"end":{"line":77,"column":14}},"41":{"start":{"line":78,"column":12},"end":{"line":78,"column":null}},"42":{"start":{"line":83,"column":8},"end":{"line":83,"column":null}},"43":{"start":{"line":84,"column":8},"end":{"line":84,"column":null}},"44":{"start":{"line":85,"column":8},"end":{"line":85,"column":null}}},"fnMap":{"0":{"name":"(anonymous_0)","decl":{"start":{"line":15,"column":4},"end":{"line":15,"column":16}},"loc":{"start":{"line":15,"column":104},"end":{"line":65,"column":null}},"line":15},"1":{"name":"(anonymous_1)","decl":{"start":{"line":67,"column":4},"end":{"line":67,"column":16}},"loc":{"start":{"line":67,"column":73},"end":{"line":80,"column":null}},"line":67},"2":{"name":"(anonymous_2)","decl":{"start":{"line":74,"column":77},"end":{"line":74,"column":83}},"loc":{"start":{"line":74,"column":83},"end":{"line":77,"column":14}},"line":74},"3":{"name":"(anonymous_3)","decl":{"start":{"line":82,"column":4},"end":{"line":82,"column":14}},"loc":{"start":{"line":82,"column":105},"end":{"line":86,"column":null}},"line":82}},"branchMap":{"0":{"loc":{"start":{"line":30,"column":12},"end":{"line":53,"column":null}},"type":"if","locations":[{"start":{"line":30,"column":12},"end":{"line":53,"column":null}},{"start":{},"end":{}}],"line":30},"1":{"loc":{"start":{"line":30,"column":16},"end":{"line":30,"column":50}},"type":"binary-expr","locations":[{"start":{"line":30,"column":16},"end":{"line":30,"column":26}},{"start":{"line":30,"column":26},"end":{"line":30,"column":50}}],"line":30},"2":{"loc":{"start":{"line":33,"column":16},"end":{"line":43,"column":null}},"type":"if","locations":[{"start":{"line":33,"column":16},"end":{"line":43,"column":null}},{"start":{"line":41,"column":23},"end":{"line":43,"column":null}}],"line":33},"3":{"loc":{"start":{"line":33,"column":20},"end":{"line":33,"column":71}},"type":"binary-expr","locations":[{"start":{"line":33,"column":20},"end":{"line":33,"column":41}},{"start":{"line":33,"column":41},"end":{"line":33,"column":71}}],"line":33},"4":{"loc":{"start":{"line":35,"column":20},"end":{"line":40,"column":null}},"type":"if","locations":[{"start":{"line":35,"column":20},"end":{"line":40,"column":null}},{"start":{},"end":{}}],"line":35},"5":{"loc":{"start":{"line":49,"column":16},"end":{"line":52,"column":null}},"type":"if","locations":[{"start":{"line":49,"column":16},"end":{"line":52,"column":null}},{"start":{},"end":{}}],"line":49},"6":{"loc":{"start":{"line":58,"column":8},"end":{"line":64,"column":null}},"type":"if","locations":[{"start":{"line":58,"column":8},"end":{"line":64,"column":null}},{"start":{},"end":{}}],"line":58},"7":{"loc":{"start":{"line":68,"column":8},"end":{"line":68,"column":null}},"type":"if","locations":[{"start":{"line":68,"column":8},"end":{"line":68,"column":null}},{"start":{},"end":{}}],"line":68},"8":{"loc":{"start":{"line":68,"column":12},"end":{"line":68,"column":93}},"type":"binary-expr","locations":[{"start":{"line":68,"column":12},"end":{"line":68,"column":32}},{"start":{"line":68,"column":32},"end":{"line":68,"column":59}},{"start":{"line":68,"column":59},"end":{"line":68,"column":93}}],"line":68},"9":{"loc":{"start":{"line":73,"column":8},"end":{"line":79,"column":null}},"type":"if","locations":[{"start":{"line":73,"column":8},"end":{"line":79,"column":null}},{"start":{},"end":{}}],"line":73}},"s":{"0":4,"1":4,"2":4,"3":4,"4":4,"5":4,"6":4,"7":4,"8":4,"9":4,"10":4,"11":4,"12":4,"13":4,"14":0,"15":0,"16":0,"17":0,"18":0,"19":0,"20":4,"21":4,"22":4,"23":4,"24":4,"25":3,"26":3,"27":4,"28":4,"29":3,"30":3,"31":3,"32":3,"33":3,"34":1,"35":0,"36":1,"37":1,"38":1,"39":1,"40":2,"41":1,"42":1,"43":1,"44":1},"f":{"0":4,"1":1,"2":2,"3":1},"b":{"0":[4,0],"1":[4,4],"2":[0,4],"3":[4,4],"4":[0,0],"5":[3,1],"6":[3,1],"7":[0,1],"8":[1,1,1],"9":[1,0]},"meta":{"lastBranch":10,"lastFunction":4,"lastStatement":45,"seen":{"s:10:25:10:Infinity":0,"s:11:25:11:Infinity":1,"s:12:78:12:Infinity":2,"s:13:25:13:Infinity":3,"f:15:4:15:16":0,"s:16:35:16:Infinity":4,"s:20:33:20:Infinity":5,"s:21:23:21:Infinity":6,"s:26:8:54:Infinity":7,"s:26:21:26:49":8,"s:27:23:27:Infinity":9,"s:28:27:28:Infinity":10,"b:30:12:53:Infinity:undefined:undefined:undefined:undefined":0,"s:30:12:53:Infinity":11,"b:30:16:30:26:30:26:30:50":1,"s:31:27:31:Infinity":12,"b:33:16:43:Infinity:41:23:43:Infinity":2,"s:33:16:43:Infinity":13,"b:33:20:33:41:33:41:33:71":3,"s:34:38:34:Infinity":14,"b:35:20:40:Infinity:undefined:undefined:undefined:undefined":4,"s:35:20:40:Infinity":15,"s:36:24:36:Infinity":16,"s:37:24:39:Infinity":17,"s:37:37:37:40":18,"s:38:28:38:Infinity":19,"s:42:20:42:Infinity":20,"s:45:16:45:Infinity":21,"s:46:16:46:Infinity":22,"s:47:16:47:Infinity":23,"b:49:16:52:Infinity:undefined:undefined:undefined:undefined":5,"s:49:16:52:Infinity":24,"s:50:20:50:Infinity":25,"s:51:20:51:Infinity":26,"s:56:8:56:Infinity":27,"b:58:8:64:Infinity:undefined:undefined:undefined:undefined":6,"s:58:8:64:Infinity":28,"s:59:12:59:Infinity":29,"s:60:12:60:Infinity":30,"s:61:12:61:Infinity":31,"s:62:12:62:Infinity":32,"s:63:12:63:Infinity":33,"f:67:4:67:16":1,"b:68:8:68:Infinity:undefined:undefined:undefined:undefined":7,"s:68:8:68:Infinity":34,"b:68:12:68:32:68:32:68:59:68:59:68:93":8,"s:68:93:68:Infinity":35,"s:70:19:70:Infinity":36,"s:71:19:71:Infinity":37,"b:73:8:79:Infinity:undefined:undefined:undefined:undefined":9,"s:73:8:79:Infinity":38,"s:74:32:77:Infinity":39,"f:74:77:74:83":2,"s:74:83:77:14":40,"s:78:12:78:Infinity":41,"f:82:4:82:14":3,"s:83:8:83:Infinity":42,"s:84:8:84:Infinity":43,"s:85:8:85:Infinity":44}}}
,"/home/inhodpr/workspace/line-animator/app/src/renderer/src/utils/geometry.ts": {"path":"/home/inhodpr/workspace/line-animator/app/src/renderer/src/utils/geometry.ts","statementMap":{"0":{"start":{"line":4,"column":17},"end":{"line":4,"column":null}},"1":{"start":{"line":5,"column":4},"end":{"line":5,"column":null}},"2":{"start":{"line":5,"column":29},"end":{"line":5,"column":null}},"3":{"start":{"line":7,"column":4},"end":{"line":7,"column":null}},"4":{"start":{"line":9,"column":4},"end":{"line":32,"column":null}},"5":{"start":{"line":9,"column":17},"end":{"line":9,"column":20}},"6":{"start":{"line":10,"column":19},"end":{"line":10,"column":null}},"7":{"start":{"line":11,"column":19},"end":{"line":11,"column":null}},"8":{"start":{"line":12,"column":19},"end":{"line":12,"column":null}},"9":{"start":{"line":15,"column":20},"end":{"line":15,"column":33}},"10":{"start":{"line":15,"column":39},"end":{"line":15,"column":null}},"11":{"start":{"line":16,"column":20},"end":{"line":16,"column":33}},"12":{"start":{"line":16,"column":39},"end":{"line":16,"column":null}},"13":{"start":{"line":17,"column":21},"end":{"line":17,"column":null}},"14":{"start":{"line":18,"column":21},"end":{"line":18,"column":null}},"15":{"start":{"line":21,"column":33},"end":{"line":21,"column":null}},"16":{"start":{"line":22,"column":27},"end":{"line":22,"column":null}},"17":{"start":{"line":24,"column":8},"end":{"line":28,"column":null}},"18":{"start":{"line":26,"column":12},"end":{"line":26,"column":null}},"19":{"start":{"line":27,"column":12},"end":{"line":27,"column":null}},"20":{"start":{"line":31,"column":8},"end":{"line":31,"column":null}},"21":{"start":{"line":35,"column":22},"end":{"line":35,"column":null}},"22":{"start":{"line":36,"column":4},"end":{"line":36,"column":null}},"23":{"start":{"line":38,"column":4},"end":{"line":38,"column":null}}},"fnMap":{"0":{"name":"buildEntityPath","decl":{"start":{"line":3,"column":16},"end":{"line":3,"column":32}},"loc":{"start":{"line":3,"column":75},"end":{"line":39,"column":null}},"line":3}},"branchMap":{"0":{"loc":{"start":{"line":5,"column":4},"end":{"line":5,"column":null}},"type":"if","locations":[{"start":{"line":5,"column":4},"end":{"line":5,"column":null}},{"start":{},"end":{}}],"line":5},"1":{"loc":{"start":{"line":24,"column":8},"end":{"line":28,"column":null}},"type":"if","locations":[{"start":{"line":24,"column":8},"end":{"line":28,"column":null}},{"start":{},"end":{}}],"line":24},"2":{"loc":{"start":{"line":24,"column":12},"end":{"line":24,"column":51}},"type":"binary-expr","locations":[{"start":{"line":24,"column":12},"end":{"line":24,"column":32}},{"start":{"line":24,"column":32},"end":{"line":24,"column":51}}],"line":24}},"s":{"0":10,"1":10,"2":2,"3":8,"4":8,"5":8,"6":2,"7":2,"8":2,"9":2,"10":2,"11":2,"12":2,"13":2,"14":2,"15":2,"16":2,"17":2,"18":0,"19":0,"20":2,"21":8,"22":8,"23":8},"f":{"0":10},"b":{"0":[2,8],"1":[0,2],"2":[2,2]},"meta":{"lastBranch":3,"lastFunction":1,"lastStatement":24,"seen":{"f:3:16:3:32":0,"s:4:17:4:Infinity":0,"b:5:4:5:Infinity:undefined:undefined:undefined:undefined":0,"s:5:4:5:Infinity":1,"s:5:29:5:Infinity":2,"s:7:4:7:Infinity":3,"s:9:4:32:Infinity":4,"s:9:17:9:20":5,"s:10:19:10:Infinity":6,"s:11:19:11:Infinity":7,"s:12:19:12:Infinity":8,"s:15:20:15:33":9,"s:15:39:15:Infinity":10,"s:16:20:16:33":11,"s:16:39:16:Infinity":12,"s:17:21:17:Infinity":13,"s:18:21:18:Infinity":14,"s:21:33:21:Infinity":15,"s:22:27:22:Infinity":16,"b:24:8:28:Infinity:undefined:undefined:undefined:undefined":1,"s:24:8:28:Infinity":17,"b:24:12:24:32:24:32:24:51":2,"s:26:12:26:Infinity":18,"s:27:12:27:Infinity":19,"s:31:8:31:Infinity":20,"s:35:22:35:Infinity":21,"s:36:4:36:Infinity":22,"s:38:4:38:Infinity":23}}}
,"/home/inhodpr/workspace/line-animator/app/src/renderer/src/utils/timeMath.ts": {"path":"/home/inhodpr/workspace/line-animator/app/src/renderer/src/utils/timeMath.ts","statementMap":{"0":{"start":{"line":1,"column":24},"end":{"line":28,"column":null}},"1":{"start":{"line":7,"column":8},"end":{"line":7,"column":null}},"2":{"start":{"line":14,"column":8},"end":{"line":14,"column":null}},"3":{"start":{"line":21,"column":29},"end":{"line":21,"column":null}},"4":{"start":{"line":22,"column":24},"end":{"line":22,"column":null}},"5":{"start":{"line":23,"column":24},"end":{"line":23,"column":null}},"6":{"start":{"line":24,"column":29},"end":{"line":24,"column":null}},"7":{"start":{"line":26,"column":8},"end":{"line":26,"column":null}}},"fnMap":{"0":{"name":"(anonymous_0)","decl":{"start":{"line":6,"column":17},"end":{"line":6,"column":18}},"loc":{"start":{"line":6,"column":98},"end":{"line":8,"column":null}},"line":6},"1":{"name":"(anonymous_1)","decl":{"start":{"line":13,"column":17},"end":{"line":13,"column":18}},"loc":{"start":{"line":13,"column":98},"end":{"line":15,"column":null}},"line":13},"2":{"name":"(anonymous_2)","decl":{"start":{"line":20,"column":16},"end":{"line":20,"column":17}},"loc":{"start":{"line":20,"column":44},"end":{"line":27,"column":null}},"line":20}},"branchMap":{"0":{"loc":{"start":{"line":6,"column":53},"end":{"line":6,"column":98}},"type":"default-arg","locations":[{"start":{"line":6,"column":84},"end":{"line":6,"column":98}}],"line":6},"1":{"loc":{"start":{"line":13,"column":53},"end":{"line":13,"column":98}},"type":"default-arg","locations":[{"start":{"line":13,"column":84},"end":{"line":13,"column":98}}],"line":13}},"s":{"0":1,"1":2,"2":2,"3":3,"4":3,"5":3,"6":3,"7":3},"f":{"0":2,"1":2,"2":3},"b":{"0":[2],"1":[2]},"meta":{"lastBranch":2,"lastFunction":3,"lastStatement":8,"seen":{"s:1:24:28:Infinity":0,"f:6:17:6:18":0,"b:6:84:6:98":0,"s:7:8:7:Infinity":1,"f:13:17:13:18":1,"b:13:84:13:98":1,"s:14:8:14:Infinity":2,"f:20:16:20:17":2,"s:21:29:21:Infinity":3,"s:22:24:22:Infinity":4,"s:23:24:23:Infinity":5,"s:24:29:24:Infinity":6,"s:26:8:26:Infinity":7}}}
}
